<?xml version="1.0" encoding="UTF-8" standalone="yes"?><!DOCTYPE report PUBLIC "-//JACOCO//DTD Report 1.1//EN" "report.dtd"><report name="Client Library"><sessioninfo id="DESKTOP-92VK8V0-27fbcc65" start="1655420845148" dump="1655420846286"/><sessioninfo id="DESKTOP-92VK8V0-3d851fa7" start="1655421984936" dump="1655421986341"/><sessioninfo id="DESKTOP-92VK8V0-5c5898e9" start="1655422107251" dump="1655422108276"/><sessioninfo id="DESKTOP-92VK8V0-c39bd03" start="1655422567292" dump="1655422568884"/><sessioninfo id="DESKTOP-92VK8V0-bdf4d5a6" start="1655422689304" dump="1655422691008"/><sessioninfo id="DESKTOP-92VK8V0-2c8b4f15" start="1655423096575" dump="1655423098124"/><package name="au/org/consumerdatastandards/client/api/banking"><class name="au/org/consumerdatastandards/client/api/banking/BankingScheduledPaymentsAPI" sourcefilename="BankingScheduledPaymentsAPI.java"><method name="&lt;init&gt;" desc="()V" line="29"><counter type="INSTRUCTION" missed="3" covered="0"/><counter type="LINE" missed="1" covered="0"/><counter type="COMPLEXITY" missed="1" covered="0"/><counter type="METHOD" missed="1" covered="0"/></method><method name="listScheduledPaymentsCall" desc="(Ljava/lang/String;Ljava/lang/Integer;Ljava/lang/Integer;Lau/org/consumerdatastandards/client/ApiCallback;)Lokhttp3/Call;" line="57"><counter type="INSTRUCTION" missed="71" covered="0"/><counter type="LINE" missed="12" covered="0"/><counter type="COMPLEXITY" missed="1" covered="0"/><counter type="METHOD" missed="1" covered="0"/></method><method name="listScheduledPaymentsValidateBeforeCall" desc="(Ljava/lang/String;Ljava/lang/Integer;Ljava/lang/Integer;Lau/org/consumerdatastandards/client/ApiCallback;)Lokhttp3/Call;" line="83"><counter type="INSTRUCTION" missed="14" covered="0"/><counter type="BRANCH" missed="2" covered="0"/><counter type="LINE" missed="3" covered="0"/><counter type="COMPLEXITY" missed="2" covered="0"/><counter type="METHOD" missed="1" covered="0"/></method><method name="listScheduledPayments" desc="(Ljava/lang/String;Ljava/lang/Integer;Ljava/lang/Integer;)Lau/org/consumerdatastandards/client/model/banking/ResponseBankingScheduledPaymentsList;" line="115"><counter type="INSTRUCTION" missed="27" covered="0"/><counter type="LINE" missed="3" covered="0"/><counter type="COMPLEXITY" missed="1" covered="0"/><counter type="METHOD" missed="1" covered="0"/></method><method name="listScheduledPaymentsWithHttpInfo" desc="(Ljava/lang/String;Ljava/lang/Integer;Ljava/lang/Integer;)Lau/org/consumerdatastandards/client/ApiResponse;" line="147"><counter type="INSTRUCTION" missed="19" covered="0"/><counter type="LINE" missed="3" covered="0"/><counter type="COMPLEXITY" missed="1" covered="0"/><counter type="METHOD" missed="1" covered="0"/></method><method name="listScheduledPaymentsAsync" desc="(Ljava/lang/String;Ljava/lang/Integer;Ljava/lang/Integer;Lau/org/consumerdatastandards/client/ApiCallback;)Lokhttp3/Call;" line="177"><counter type="INSTRUCTION" missed="38" covered="0"/><counter type="LINE" missed="5" covered="0"/><counter type="COMPLEXITY" missed="1" covered="0"/><counter type="METHOD" missed="1" covered="0"/></method><method name="listScheduledPaymentsBulkCall" desc="(Lau/org/consumerdatastandards/client/model/banking/BankingProductCategory;Lau/org/consumerdatastandards/client/model/banking/ParamAccountOpenStatus;Ljava/lang/Boolean;Ljava/lang/Integer;Ljava/lang/Integer;Lau/org/consumerdatastandards/client/ApiCallback;)Lokhttp3/Call;" line="213"><counter type="INSTRUCTION" missed="88" covered="0"/><counter type="LINE" missed="14" covered="0"/><counter type="COMPLEXITY" missed="1" covered="0"/><counter type="METHOD" missed="1" covered="0"/></method><method name="listScheduledPaymentsBulkValidateBeforeCall" desc="(Lau/org/consumerdatastandards/client/model/banking/BankingProductCategory;Lau/org/consumerdatastandards/client/model/banking/ParamAccountOpenStatus;Ljava/lang/Boolean;Ljava/lang/Integer;Ljava/lang/Integer;Lau/org/consumerdatastandards/client/ApiCallback;)Lokhttp3/Call;" line="243"><counter type="INSTRUCTION" missed="9" covered="0"/><counter type="LINE" missed="1" covered="0"/><counter type="COMPLEXITY" missed="1" covered="0"/><counter type="METHOD" missed="1" covered="0"/></method><method name="listScheduledPaymentsBulk" desc="(Lau/org/consumerdatastandards/client/model/banking/BankingProductCategory;Lau/org/consumerdatastandards/client/model/banking/ParamAccountOpenStatus;Ljava/lang/Boolean;Ljava/lang/Integer;Ljava/lang/Integer;)Lau/org/consumerdatastandards/client/model/banking/ResponseBankingScheduledPaymentsList;" line="272"><counter type="INSTRUCTION" missed="37" covered="0"/><counter type="LINE" missed="3" covered="0"/><counter type="COMPLEXITY" missed="1" covered="0"/><counter type="METHOD" missed="1" covered="0"/></method><method name="listScheduledPaymentsBulkWithHttpInfo" desc="(Lau/org/consumerdatastandards/client/model/banking/BankingProductCategory;Lau/org/consumerdatastandards/client/model/banking/ParamAccountOpenStatus;Ljava/lang/Boolean;Ljava/lang/Integer;Ljava/lang/Integer;)Lau/org/consumerdatastandards/client/ApiResponse;" line="308"><counter type="INSTRUCTION" missed="21" covered="0"/><counter type="LINE" missed="3" covered="0"/><counter type="COMPLEXITY" missed="1" covered="0"/><counter type="METHOD" missed="1" covered="0"/></method><method name="listScheduledPaymentsBulkAsync" desc="(Lau/org/consumerdatastandards/client/model/banking/BankingProductCategory;Lau/org/consumerdatastandards/client/model/banking/ParamAccountOpenStatus;Ljava/lang/Boolean;Ljava/lang/Integer;Ljava/lang/Integer;Lau/org/consumerdatastandards/client/ApiCallback;)Lokhttp3/Call;" line="340"><counter type="INSTRUCTION" missed="48" covered="0"/><counter type="LINE" missed="5" covered="0"/><counter type="COMPLEXITY" missed="1" covered="0"/><counter type="METHOD" missed="1" covered="0"/></method><method name="listScheduledPaymentsSpecificAccountsCall" desc="(Lau/org/consumerdatastandards/client/model/banking/RequestAccountIds;Ljava/lang/Integer;Ljava/lang/Integer;Lau/org/consumerdatastandards/client/ApiCallback;)Lokhttp3/Call;" line="382"><counter type="INSTRUCTION" missed="63" covered="0"/><counter type="LINE" missed="10" covered="0"/><counter type="COMPLEXITY" missed="1" covered="0"/><counter type="METHOD" missed="1" covered="0"/></method><method name="listScheduledPaymentsSpecificAccountsValidateBeforeCall" desc="(Lau/org/consumerdatastandards/client/model/banking/RequestAccountIds;Ljava/lang/Integer;Ljava/lang/Integer;Lau/org/consumerdatastandards/client/ApiCallback;)Lokhttp3/Call;" line="404"><counter type="INSTRUCTION" missed="14" covered="0"/><counter type="BRANCH" missed="2" covered="0"/><counter type="LINE" missed="3" covered="0"/><counter type="COMPLEXITY" missed="2" covered="0"/><counter type="METHOD" missed="1" covered="0"/></method><method name="listScheduledPaymentsSpecificAccounts" desc="(Lau/org/consumerdatastandards/client/model/banking/RequestAccountIds;Ljava/lang/Integer;Ljava/lang/Integer;)Lau/org/consumerdatastandards/client/model/banking/ResponseBankingScheduledPaymentsList;" line="441"><counter type="INSTRUCTION" missed="27" covered="0"/><counter type="LINE" missed="3" covered="0"/><counter type="COMPLEXITY" missed="1" covered="0"/><counter type="METHOD" missed="1" covered="0"/></method><method name="listScheduledPaymentsSpecificAccountsWithHttpInfo" desc="(Lau/org/consumerdatastandards/client/model/banking/RequestAccountIds;Ljava/lang/Integer;Ljava/lang/Integer;)Lau/org/consumerdatastandards/client/ApiResponse;" line="478"><counter type="INSTRUCTION" missed="19" covered="0"/><counter type="LINE" missed="3" covered="0"/><counter type="COMPLEXITY" missed="1" covered="0"/><counter type="METHOD" missed="1" covered="0"/></method><method name="listScheduledPaymentsSpecificAccountsAsync" desc="(Lau/org/consumerdatastandards/client/model/banking/RequestAccountIds;Ljava/lang/Integer;Ljava/lang/Integer;Lau/org/consumerdatastandards/client/ApiCallback;)Lokhttp3/Call;" line="513"><counter type="INSTRUCTION" missed="38" covered="0"/><counter type="LINE" missed="5" covered="0"/><counter type="COMPLEXITY" missed="1" covered="0"/><counter type="METHOD" missed="1" covered="0"/></method><method name="addQueryParam" desc="(Ljava/util/List;Ljava/lang/String;Ljava/lang/Object;)V" line="525"><counter type="INSTRUCTION" missed="16" covered="0"/><counter type="BRANCH" missed="2" covered="0"/><counter type="LINE" missed="4" covered="0"/><counter type="COMPLEXITY" missed="2" covered="0"/><counter type="METHOD" missed="1" covered="0"/></method><method name="&lt;clinit&gt;" desc="()V" line="31"><counter type="INSTRUCTION" missed="4" covered="0"/><counter type="LINE" missed="1" covered="0"/><counter type="COMPLEXITY" missed="1" covered="0"/><counter type="METHOD" missed="1" covered="0"/></method><counter type="INSTRUCTION" missed="556" covered="0"/><counter type="BRANCH" missed="6" covered="0"/><counter type="LINE" missed="82" covered="0"/><counter type="COMPLEXITY" missed="21" covered="0"/><counter type="METHOD" missed="18" covered="0"/><counter type="CLASS" missed="1" covered="0"/></class><class name="au/org/consumerdatastandards/client/api/banking/BankingAccountsAPI$10" sourcefilename="BankingAccountsAPI.java"><method name="&lt;init&gt;" desc="(Lau/org/consumerdatastandards/client/api/banking/BankingAccountsAPI;)V" line="821"><counter type="INSTRUCTION" missed="6" covered="0"/><counter type="LINE" missed="1" covered="0"/><counter type="COMPLEXITY" missed="1" covered="0"/><counter type="METHOD" missed="1" covered="0"/></method><counter type="INSTRUCTION" missed="6" covered="0"/><counter type="LINE" missed="1" covered="0"/><counter type="COMPLEXITY" missed="1" covered="0"/><counter type="METHOD" missed="1" covered="0"/><counter type="CLASS" missed="1" covered="0"/></class><class name="au/org/consumerdatastandards/client/api/banking/BankingAccountsAPI$11" sourcefilename="BankingAccountsAPI.java"><method name="&lt;init&gt;" desc="(Lau/org/consumerdatastandards/client/api/banking/BankingAccountsAPI;)V" line="947"><counter type="INSTRUCTION" missed="6" covered="0"/><counter type="LINE" missed="1" covered="0"/><counter type="COMPLEXITY" missed="1" covered="0"/><counter type="METHOD" missed="1" covered="0"/></method><counter type="INSTRUCTION" missed="6" covered="0"/><counter type="LINE" missed="1" covered="0"/><counter type="COMPLEXITY" missed="1" covered="0"/><counter type="METHOD" missed="1" covered="0"/><counter type="CLASS" missed="1" covered="0"/></class><class name="au/org/consumerdatastandards/client/api/banking/BankingAccountsAPI$12" sourcefilename="BankingAccountsAPI.java"><method name="&lt;init&gt;" desc="(Lau/org/consumerdatastandards/client/api/banking/BankingAccountsAPI;)V" line="986"><counter type="INSTRUCTION" missed="6" covered="0"/><counter type="LINE" missed="1" covered="0"/><counter type="COMPLEXITY" missed="1" covered="0"/><counter type="METHOD" missed="1" covered="0"/></method><counter type="INSTRUCTION" missed="6" covered="0"/><counter type="LINE" missed="1" covered="0"/><counter type="COMPLEXITY" missed="1" covered="0"/><counter type="METHOD" missed="1" covered="0"/><counter type="CLASS" missed="1" covered="0"/></class><class name="au/org/consumerdatastandards/client/api/banking/BankingAccountsAPI$13" sourcefilename="BankingAccountsAPI.java"><method name="&lt;init&gt;" desc="(Lau/org/consumerdatastandards/client/api/banking/BankingAccountsAPI;)V" line="1117"><counter type="INSTRUCTION" missed="6" covered="0"/><counter type="LINE" missed="1" covered="0"/><counter type="COMPLEXITY" missed="1" covered="0"/><counter type="METHOD" missed="1" covered="0"/></method><counter type="INSTRUCTION" missed="6" covered="0"/><counter type="LINE" missed="1" covered="0"/><counter type="COMPLEXITY" missed="1" covered="0"/><counter type="METHOD" missed="1" covered="0"/><counter type="CLASS" missed="1" covered="0"/></class><class name="au/org/consumerdatastandards/client/api/banking/BankingAccountsAPI$14" sourcefilename="BankingAccountsAPI.java"><method name="&lt;init&gt;" desc="(Lau/org/consumerdatastandards/client/api/banking/BankingAccountsAPI;)V" line="1157"><counter type="INSTRUCTION" missed="6" covered="0"/><counter type="LINE" missed="1" covered="0"/><counter type="COMPLEXITY" missed="1" covered="0"/><counter type="METHOD" missed="1" covered="0"/></method><counter type="INSTRUCTION" missed="6" covered="0"/><counter type="LINE" missed="1" covered="0"/><counter type="COMPLEXITY" missed="1" covered="0"/><counter type="METHOD" missed="1" covered="0"/><counter type="CLASS" missed="1" covered="0"/></class><class name="au/org/consumerdatastandards/client/api/banking/BankingAccountsAPI$3" sourcefilename="BankingAccountsAPI.java"><method name="&lt;init&gt;" desc="(Lau/org/consumerdatastandards/client/api/banking/BankingAccountsAPI;)V" line="280"><counter type="INSTRUCTION" missed="6" covered="0"/><counter type="LINE" missed="1" covered="0"/><counter type="COMPLEXITY" missed="1" covered="0"/><counter type="METHOD" missed="1" covered="0"/></method><counter type="INSTRUCTION" missed="6" covered="0"/><counter type="LINE" missed="1" covered="0"/><counter type="COMPLEXITY" missed="1" covered="0"/><counter type="METHOD" missed="1" covered="0"/><counter type="CLASS" missed="1" covered="0"/></class><class name="au/org/consumerdatastandards/client/api/banking/BankingAccountsAPI$4" sourcefilename="BankingAccountsAPI.java"><method name="&lt;init&gt;" desc="(Lau/org/consumerdatastandards/client/api/banking/BankingAccountsAPI;)V" line="311"><counter type="INSTRUCTION" missed="6" covered="0"/><counter type="LINE" missed="1" covered="0"/><counter type="COMPLEXITY" missed="1" covered="0"/><counter type="METHOD" missed="1" covered="0"/></method><counter type="INSTRUCTION" missed="6" covered="0"/><counter type="LINE" missed="1" covered="0"/><counter type="COMPLEXITY" missed="1" covered="0"/><counter type="METHOD" missed="1" covered="0"/><counter type="CLASS" missed="1" covered="0"/></class><class name="au/org/consumerdatastandards/client/api/banking/BankingAccountsAPI$5" sourcefilename="BankingAccountsAPI.java"><method name="&lt;init&gt;" desc="(Lau/org/consumerdatastandards/client/api/banking/BankingAccountsAPI;)V" line="429"><counter type="INSTRUCTION" missed="6" covered="0"/><counter type="LINE" missed="1" covered="0"/><counter type="COMPLEXITY" missed="1" covered="0"/><counter type="METHOD" missed="1" covered="0"/></method><counter type="INSTRUCTION" missed="6" covered="0"/><counter type="LINE" missed="1" covered="0"/><counter type="COMPLEXITY" missed="1" covered="0"/><counter type="METHOD" missed="1" covered="0"/><counter type="CLASS" missed="1" covered="0"/></class><class name="au/org/consumerdatastandards/client/api/banking/BankingAccountsAPI$6" sourcefilename="BankingAccountsAPI.java"><method name="&lt;init&gt;" desc="(Lau/org/consumerdatastandards/client/api/banking/BankingAccountsAPI;)V" line="462"><counter type="INSTRUCTION" missed="6" covered="0"/><counter type="LINE" missed="1" covered="0"/><counter type="COMPLEXITY" missed="1" covered="0"/><counter type="METHOD" missed="1" covered="0"/></method><counter type="INSTRUCTION" missed="6" covered="0"/><counter type="LINE" missed="1" covered="0"/><counter type="COMPLEXITY" missed="1" covered="0"/><counter type="METHOD" missed="1" covered="0"/><counter type="CLASS" missed="1" covered="0"/></class><class name="au/org/consumerdatastandards/client/api/banking/BankingAccountsAPI$7" sourcefilename="BankingAccountsAPI.java"><method name="&lt;init&gt;" desc="(Lau/org/consumerdatastandards/client/api/banking/BankingAccountsAPI;)V" line="611"><counter type="INSTRUCTION" missed="6" covered="0"/><counter type="LINE" missed="1" covered="0"/><counter type="COMPLEXITY" missed="1" covered="0"/><counter type="METHOD" missed="1" covered="0"/></method><counter type="INSTRUCTION" missed="6" covered="0"/><counter type="LINE" missed="1" covered="0"/><counter type="COMPLEXITY" missed="1" covered="0"/><counter type="METHOD" missed="1" covered="0"/><counter type="CLASS" missed="1" covered="0"/></class><class name="au/org/consumerdatastandards/client/api/banking/BankingAccountsAPI$8" sourcefilename="BankingAccountsAPI.java"><method name="&lt;init&gt;" desc="(Lau/org/consumerdatastandards/client/api/banking/BankingAccountsAPI;)V" line="656"><counter type="INSTRUCTION" missed="6" covered="0"/><counter type="LINE" missed="1" covered="0"/><counter type="COMPLEXITY" missed="1" covered="0"/><counter type="METHOD" missed="1" covered="0"/></method><counter type="INSTRUCTION" missed="6" covered="0"/><counter type="LINE" missed="1" covered="0"/><counter type="COMPLEXITY" missed="1" covered="0"/><counter type="METHOD" missed="1" covered="0"/><counter type="CLASS" missed="1" covered="0"/></class><class name="au/org/consumerdatastandards/client/api/banking/BankingAccountsAPI$9" sourcefilename="BankingAccountsAPI.java"><method name="&lt;init&gt;" desc="(Lau/org/consumerdatastandards/client/api/banking/BankingAccountsAPI;)V" line="782"><counter type="INSTRUCTION" missed="6" covered="0"/><counter type="LINE" missed="1" covered="0"/><counter type="COMPLEXITY" missed="1" covered="0"/><counter type="METHOD" missed="1" covered="0"/></method><counter type="INSTRUCTION" missed="6" covered="0"/><counter type="LINE" missed="1" covered="0"/><counter type="COMPLEXITY" missed="1" covered="0"/><counter type="METHOD" missed="1" covered="0"/><counter type="CLASS" missed="1" covered="0"/></class><class name="au/org/consumerdatastandards/client/api/banking/BankingProductsAPI$GetProductDetailReturnTypeResolver" sourcefilename="BankingProductsAPI.java"><method name="resolve" desc="(Lokhttp3/Response;)Ljava/lang/reflect/Type;" line="612"><counter type="INSTRUCTION" missed="31" covered="0"/><counter type="BRANCH" missed="4" covered="0"/><counter type="LINE" missed="6" covered="0"/><counter type="COMPLEXITY" missed="4" covered="0"/><counter type="METHOD" missed="1" covered="0"/></method><counter type="INSTRUCTION" missed="31" covered="0"/><counter type="BRANCH" missed="4" covered="0"/><counter type="LINE" missed="6" covered="0"/><counter type="COMPLEXITY" missed="4" covered="0"/><counter type="METHOD" missed="1" covered="0"/><counter type="CLASS" missed="1" covered="0"/></class><class name="au/org/consumerdatastandards/client/api/banking/BankingDirectDebitsAPI$6" sourcefilename="BankingDirectDebitsAPI.java"><method name="&lt;init&gt;" desc="(Lau/org/consumerdatastandards/client/api/banking/BankingDirectDebitsAPI;)V" line="523"><counter type="INSTRUCTION" missed="6" covered="0"/><counter type="LINE" missed="1" covered="0"/><counter type="COMPLEXITY" missed="1" covered="0"/><counter type="METHOD" missed="1" covered="0"/></method><counter type="INSTRUCTION" missed="6" covered="0"/><counter type="LINE" missed="1" covered="0"/><counter type="COMPLEXITY" missed="1" covered="0"/><counter type="METHOD" missed="1" covered="0"/><counter type="CLASS" missed="1" covered="0"/></class><class name="au/org/consumerdatastandards/client/api/banking/BankingDirectDebitsAPI$5" sourcefilename="BankingDirectDebitsAPI.java"><method name="&lt;init&gt;" desc="(Lau/org/consumerdatastandards/client/api/banking/BankingDirectDebitsAPI;)V" line="483"><counter type="INSTRUCTION" missed="6" covered="0"/><counter type="LINE" missed="1" covered="0"/><counter type="COMPLEXITY" missed="1" covered="0"/><counter type="METHOD" missed="1" covered="0"/></method><counter type="INSTRUCTION" missed="6" covered="0"/><counter type="LINE" missed="1" covered="0"/><counter type="COMPLEXITY" missed="1" covered="0"/><counter type="METHOD" missed="1" covered="0"/><counter type="CLASS" missed="1" covered="0"/></class><class name="au/org/consumerdatastandards/client/api/banking/BankingProductsAPI$ListProductsReturnTypeResolver$1" sourcefilename="BankingProductsAPI.java"><method name="&lt;init&gt;" desc="(Lau/org/consumerdatastandards/client/api/banking/BankingProductsAPI$ListProductsReturnTypeResolver;)V" line="600"><counter type="INSTRUCTION" missed="6" covered="0"/><counter type="LINE" missed="1" covered="0"/><counter type="COMPLEXITY" missed="1" covered="0"/><counter type="METHOD" missed="1" covered="0"/></method><counter type="INSTRUCTION" missed="6" covered="0"/><counter type="LINE" missed="1" covered="0"/><counter type="COMPLEXITY" missed="1" covered="0"/><counter type="METHOD" missed="1" covered="0"/><counter type="CLASS" missed="1" covered="0"/></class><class name="au/org/consumerdatastandards/client/api/banking/BankingProductsAPI$ListProductsReturnTypeResolver$2" sourcefilename="BankingProductsAPI.java"><method name="&lt;init&gt;" desc="(Lau/org/consumerdatastandards/client/api/banking/BankingProductsAPI$ListProductsReturnTypeResolver;)V" line="602"><counter type="INSTRUCTION" missed="6" covered="0"/><counter type="LINE" missed="1" covered="0"/><counter type="COMPLEXITY" missed="1" covered="0"/><counter type="METHOD" missed="1" covered="0"/></method><counter type="INSTRUCTION" missed="6" covered="0"/><counter type="LINE" missed="1" covered="0"/><counter type="COMPLEXITY" missed="1" covered="0"/><counter type="METHOD" missed="1" covered="0"/><counter type="CLASS" missed="1" covered="0"/></class><class name="au/org/consumerdatastandards/client/api/banking/BankingProductsAPI$ListProductsReturnTypeResolver$3" sourcefilename="BankingProductsAPI.java"><method name="&lt;init&gt;" desc="(Lau/org/consumerdatastandards/client/api/banking/BankingProductsAPI$ListProductsReturnTypeResolver;)V" line="604"><counter type="INSTRUCTION" missed="6" covered="0"/><counter type="LINE" missed="1" covered="0"/><counter type="COMPLEXITY" missed="1" covered="0"/><counter type="METHOD" missed="1" covered="0"/></method><counter type="INSTRUCTION" missed="6" covered="0"/><counter type="LINE" missed="1" covered="0"/><counter type="COMPLEXITY" missed="1" covered="0"/><counter type="METHOD" missed="1" covered="0"/><counter type="CLASS" missed="1" covered="0"/></class><class name="au/org/consumerdatastandards/client/api/banking/BankingDirectDebitsAPI$2" sourcefilename="BankingDirectDebitsAPI.java"><method name="&lt;init&gt;" desc="(Lau/org/consumerdatastandards/client/api/banking/BankingDirectDebitsAPI;)V" line="183"><counter type="INSTRUCTION" missed="6" covered="0"/><counter type="LINE" missed="1" covered="0"/><counter type="COMPLEXITY" missed="1" covered="0"/><counter type="METHOD" missed="1" covered="0"/></method><counter type="INSTRUCTION" missed="6" covered="0"/><counter type="LINE" missed="1" covered="0"/><counter type="COMPLEXITY" missed="1" covered="0"/><counter type="METHOD" missed="1" covered="0"/><counter type="CLASS" missed="1" covered="0"/></class><class name="au/org/consumerdatastandards/client/api/banking/BankingDirectDebitsAPI$1" sourcefilename="BankingDirectDebitsAPI.java"><method name="&lt;init&gt;" desc="(Lau/org/consumerdatastandards/client/api/banking/BankingDirectDebitsAPI;)V" line="148"><counter type="INSTRUCTION" missed="6" covered="0"/><counter type="LINE" missed="1" covered="0"/><counter type="COMPLEXITY" missed="1" covered="0"/><counter type="METHOD" missed="1" covered="0"/></method><counter type="INSTRUCTION" missed="6" covered="0"/><counter type="LINE" missed="1" covered="0"/><counter type="COMPLEXITY" missed="1" covered="0"/><counter type="METHOD" missed="1" covered="0"/><counter type="CLASS" missed="1" covered="0"/></class><class name="au/org/consumerdatastandards/client/api/banking/BankingDirectDebitsAPI$4" sourcefilename="BankingDirectDebitsAPI.java"><method name="&lt;init&gt;" desc="(Lau/org/consumerdatastandards/client/api/banking/BankingDirectDebitsAPI;)V" line="348"><counter type="INSTRUCTION" missed="6" covered="0"/><counter type="LINE" missed="1" covered="0"/><counter type="COMPLEXITY" missed="1" covered="0"/><counter type="METHOD" missed="1" covered="0"/></method><counter type="INSTRUCTION" missed="6" covered="0"/><counter type="LINE" missed="1" covered="0"/><counter type="COMPLEXITY" missed="1" covered="0"/><counter type="METHOD" missed="1" covered="0"/><counter type="CLASS" missed="1" covered="0"/></class><class name="au/org/consumerdatastandards/client/api/banking/BankingDirectDebitsAPI$3" sourcefilename="BankingDirectDebitsAPI.java"><method name="&lt;init&gt;" desc="(Lau/org/consumerdatastandards/client/api/banking/BankingDirectDebitsAPI;)V" line="309"><counter type="INSTRUCTION" missed="6" covered="0"/><counter type="LINE" missed="1" covered="0"/><counter type="COMPLEXITY" missed="1" covered="0"/><counter type="METHOD" missed="1" covered="0"/></method><counter type="INSTRUCTION" missed="6" covered="0"/><counter type="LINE" missed="1" covered="0"/><counter type="COMPLEXITY" missed="1" covered="0"/><counter type="METHOD" missed="1" covered="0"/><counter type="CLASS" missed="1" covered="0"/></class><class name="au/org/consumerdatastandards/client/api/banking/BankingPayeesAPI" sourcefilename="BankingPayeesAPI.java"><method name="&lt;init&gt;" desc="()V" line="27"><counter type="INSTRUCTION" missed="3" covered="0"/><counter type="LINE" missed="1" covered="0"/><counter type="COMPLEXITY" missed="1" covered="0"/><counter type="METHOD" missed="1" covered="0"/></method><method name="getPayeeDetailCall" desc="(Ljava/lang/String;Lau/org/consumerdatastandards/client/ApiCallback;)Lokhttp3/Call;" line="60"><counter type="INSTRUCTION" missed="45" covered="0"/><counter type="LINE" missed="10" covered="0"/><counter type="COMPLEXITY" missed="1" covered="0"/><counter type="METHOD" missed="1" covered="0"/></method><method name="getPayeeDetailValidateBeforeCall" desc="(Ljava/lang/String;Lau/org/consumerdatastandards/client/ApiCallback;)Lokhttp3/Call;" line="81"><counter type="INSTRUCTION" missed="12" covered="0"/><counter type="BRANCH" missed="2" covered="0"/><counter type="LINE" missed="3" covered="0"/><counter type="COMPLEXITY" missed="2" covered="0"/><counter type="METHOD" missed="1" covered="0"/></method><method name="getPayeeDetail" desc="(Ljava/lang/String;)Lau/org/consumerdatastandards/client/model/banking/ResponseBankingPayeeById;" line="110"><counter type="INSTRUCTION" missed="12" covered="0"/><counter type="LINE" missed="3" covered="0"/><counter type="COMPLEXITY" missed="1" covered="0"/><counter type="METHOD" missed="1" covered="0"/></method><method name="getPayeeDetailWithHttpInfo" desc="(Ljava/lang/String;)Lau/org/consumerdatastandards/client/ApiResponse;" line="138"><counter type="INSTRUCTION" missed="17" covered="0"/><counter type="LINE" missed="3" covered="0"/><counter type="COMPLEXITY" missed="1" covered="0"/><counter type="METHOD" missed="1" covered="0"/></method><method name="getPayeeDetailAsync" desc="(Ljava/lang/String;Lau/org/consumerdatastandards/client/ApiCallback;)Lokhttp3/Call;" line="166"><counter type="INSTRUCTION" missed="23" covered="0"/><counter type="LINE" missed="5" covered="0"/><counter type="COMPLEXITY" missed="1" covered="0"/><counter type="METHOD" missed="1" covered="0"/></method><method name="listPayeesCall" desc="(Lau/org/consumerdatastandards/client/api/banking/BankingPayeesAPI$ParamType;Ljava/lang/Integer;Ljava/lang/Integer;Lau/org/consumerdatastandards/client/ApiCallback;)Lokhttp3/Call;" line="198"><counter type="INSTRUCTION" missed="70" covered="0"/><counter type="LINE" missed="12" covered="0"/><counter type="COMPLEXITY" missed="1" covered="0"/><counter type="METHOD" missed="1" covered="0"/></method><method name="listPayeesValidateBeforeCall" desc="(Lau/org/consumerdatastandards/client/api/banking/BankingPayeesAPI$ParamType;Ljava/lang/Integer;Ljava/lang/Integer;Lau/org/consumerdatastandards/client/ApiCallback;)Lokhttp3/Call;" line="224"><counter type="INSTRUCTION" missed="7" covered="0"/><counter type="LINE" missed="1" covered="0"/><counter type="COMPLEXITY" missed="1" covered="0"/><counter type="METHOD" missed="1" covered="0"/></method><method name="listPayees" desc="(Lau/org/consumerdatastandards/client/api/banking/BankingPayeesAPI$ParamType;Ljava/lang/Integer;Ljava/lang/Integer;)Lau/org/consumerdatastandards/client/model/banking/ResponseBankingPayeeList;" line="251"><counter type="INSTRUCTION" missed="27" covered="0"/><counter type="LINE" missed="3" covered="0"/><counter type="COMPLEXITY" missed="1" covered="0"/><counter type="METHOD" missed="1" covered="0"/></method><method name="listPayeesWithHttpInfo" desc="(Lau/org/consumerdatastandards/client/api/banking/BankingPayeesAPI$ParamType;Ljava/lang/Integer;Ljava/lang/Integer;)Lau/org/consumerdatastandards/client/ApiResponse;" line="283"><counter type="INSTRUCTION" missed="19" covered="0"/><counter type="LINE" missed="3" covered="0"/><counter type="COMPLEXITY" missed="1" covered="0"/><counter type="METHOD" missed="1" covered="0"/></method><method name="listPayeesAsync" desc="(Lau/org/consumerdatastandards/client/api/banking/BankingPayeesAPI$ParamType;Ljava/lang/Integer;Ljava/lang/Integer;Lau/org/consumerdatastandards/client/ApiCallback;)Lokhttp3/Call;" line="313"><counter type="INSTRUCTION" missed="38" covered="0"/><counter type="LINE" missed="5" covered="0"/><counter type="COMPLEXITY" missed="1" covered="0"/><counter type="METHOD" missed="1" covered="0"/></method><method name="addQueryParam" desc="(Ljava/util/List;Ljava/lang/String;Ljava/lang/Object;)V" line="325"><counter type="INSTRUCTION" missed="16" covered="0"/><counter type="BRANCH" missed="2" covered="0"/><counter type="LINE" missed="4" covered="0"/><counter type="COMPLEXITY" missed="2" covered="0"/><counter type="METHOD" missed="1" covered="0"/></method><method name="&lt;clinit&gt;" desc="()V" line="36"><counter type="INSTRUCTION" missed="4" covered="0"/><counter type="LINE" missed="1" covered="0"/><counter type="COMPLEXITY" missed="1" covered="0"/><counter type="METHOD" missed="1" covered="0"/></method><counter type="INSTRUCTION" missed="293" covered="0"/><counter type="BRANCH" missed="4" covered="0"/><counter type="LINE" missed="54" covered="0"/><counter type="COMPLEXITY" missed="15" covered="0"/><counter type="METHOD" missed="13" covered="0"/><counter type="CLASS" missed="1" covered="0"/></class><class name="au/org/consumerdatastandards/client/api/banking/BankingScheduledPaymentsAPI$6" sourcefilename="BankingScheduledPaymentsAPI.java"><method name="&lt;init&gt;" desc="(Lau/org/consumerdatastandards/client/api/banking/BankingScheduledPaymentsAPI;)V" line="519"><counter type="INSTRUCTION" missed="6" covered="0"/><counter type="LINE" missed="1" covered="0"/><counter type="COMPLEXITY" missed="1" covered="0"/><counter type="METHOD" missed="1" covered="0"/></method><counter type="INSTRUCTION" missed="6" covered="0"/><counter type="LINE" missed="1" covered="0"/><counter type="COMPLEXITY" missed="1" covered="0"/><counter type="METHOD" missed="1" covered="0"/><counter type="CLASS" missed="1" covered="0"/></class><class name="au/org/consumerdatastandards/client/api/banking/BankingScheduledPaymentsAPI$5" sourcefilename="BankingScheduledPaymentsAPI.java"><method name="&lt;init&gt;" desc="(Lau/org/consumerdatastandards/client/api/banking/BankingScheduledPaymentsAPI;)V" line="479"><counter type="INSTRUCTION" missed="6" covered="0"/><counter type="LINE" missed="1" covered="0"/><counter type="COMPLEXITY" missed="1" covered="0"/><counter type="METHOD" missed="1" covered="0"/></method><counter type="INSTRUCTION" missed="6" covered="0"/><counter type="LINE" missed="1" covered="0"/><counter type="COMPLEXITY" missed="1" covered="0"/><counter type="METHOD" missed="1" covered="0"/><counter type="CLASS" missed="1" covered="0"/></class><class name="au/org/consumerdatastandards/client/api/banking/BankingScheduledPaymentsAPI$4" sourcefilename="BankingScheduledPaymentsAPI.java"><method name="&lt;init&gt;" desc="(Lau/org/consumerdatastandards/client/api/banking/BankingScheduledPaymentsAPI;)V" line="348"><counter type="INSTRUCTION" missed="6" covered="0"/><counter type="LINE" missed="1" covered="0"/><counter type="COMPLEXITY" missed="1" covered="0"/><counter type="METHOD" missed="1" covered="0"/></method><counter type="INSTRUCTION" missed="6" covered="0"/><counter type="LINE" missed="1" covered="0"/><counter type="COMPLEXITY" missed="1" covered="0"/><counter type="METHOD" missed="1" covered="0"/><counter type="CLASS" missed="1" covered="0"/></class><class name="au/org/consumerdatastandards/client/api/banking/BankingScheduledPaymentsAPI$3" sourcefilename="BankingScheduledPaymentsAPI.java"><method name="&lt;init&gt;" desc="(Lau/org/consumerdatastandards/client/api/banking/BankingScheduledPaymentsAPI;)V" line="309"><counter type="INSTRUCTION" missed="6" covered="0"/><counter type="LINE" missed="1" covered="0"/><counter type="COMPLEXITY" missed="1" covered="0"/><counter type="METHOD" missed="1" covered="0"/></method><counter type="INSTRUCTION" missed="6" covered="0"/><counter type="LINE" missed="1" covered="0"/><counter type="COMPLEXITY" missed="1" covered="0"/><counter type="METHOD" missed="1" covered="0"/><counter type="CLASS" missed="1" covered="0"/></class><class name="au/org/consumerdatastandards/client/api/banking/BankingScheduledPaymentsAPI$2" sourcefilename="BankingScheduledPaymentsAPI.java"><method name="&lt;init&gt;" desc="(Lau/org/consumerdatastandards/client/api/banking/BankingScheduledPaymentsAPI;)V" line="183"><counter type="INSTRUCTION" missed="6" covered="0"/><counter type="LINE" missed="1" covered="0"/><counter type="COMPLEXITY" missed="1" covered="0"/><counter type="METHOD" missed="1" covered="0"/></method><counter type="INSTRUCTION" missed="6" covered="0"/><counter type="LINE" missed="1" covered="0"/><counter type="COMPLEXITY" missed="1" covered="0"/><counter type="METHOD" missed="1" covered="0"/><counter type="CLASS" missed="1" covered="0"/></class><class name="au/org/consumerdatastandards/client/api/banking/BankingScheduledPaymentsAPI$1" sourcefilename="BankingScheduledPaymentsAPI.java"><method name="&lt;init&gt;" desc="(Lau/org/consumerdatastandards/client/api/banking/BankingScheduledPaymentsAPI;)V" line="148"><counter type="INSTRUCTION" missed="6" covered="0"/><counter type="LINE" missed="1" covered="0"/><counter type="COMPLEXITY" missed="1" covered="0"/><counter type="METHOD" missed="1" covered="0"/></method><counter type="INSTRUCTION" missed="6" covered="0"/><counter type="LINE" missed="1" covered="0"/><counter type="COMPLEXITY" missed="1" covered="0"/><counter type="METHOD" missed="1" covered="0"/><counter type="CLASS" missed="1" covered="0"/></class><class name="au/org/consumerdatastandards/client/api/banking/BankingProductsAPI$GetProductDetailReturnTypeResolver$4" sourcefilename="BankingProductsAPI.java"><method name="&lt;init&gt;" desc="(Lau/org/consumerdatastandards/client/api/banking/BankingProductsAPI$GetProductDetailReturnTypeResolver;)V" line="621"><counter type="INSTRUCTION" missed="6" covered="0"/><counter type="LINE" missed="1" covered="0"/><counter type="COMPLEXITY" missed="1" covered="0"/><counter type="METHOD" missed="1" covered="0"/></method><counter type="INSTRUCTION" missed="6" covered="0"/><counter type="LINE" missed="1" covered="0"/><counter type="COMPLEXITY" missed="1" covered="0"/><counter type="METHOD" missed="1" covered="0"/><counter type="CLASS" missed="1" covered="0"/></class><class name="au/org/consumerdatastandards/client/api/banking/BankingProductsAPI$GetProductDetailReturnTypeResolver$3" sourcefilename="BankingProductsAPI.java"><method name="&lt;init&gt;" desc="(Lau/org/consumerdatastandards/client/api/banking/BankingProductsAPI$GetProductDetailReturnTypeResolver;)V" line="619"><counter type="INSTRUCTION" missed="6" covered="0"/><counter type="LINE" missed="1" covered="0"/><counter type="COMPLEXITY" missed="1" covered="0"/><counter type="METHOD" missed="1" covered="0"/></method><counter type="INSTRUCTION" missed="6" covered="0"/><counter type="LINE" missed="1" covered="0"/><counter type="COMPLEXITY" missed="1" covered="0"/><counter type="METHOD" missed="1" covered="0"/><counter type="CLASS" missed="1" covered="0"/></class><class name="au/org/consumerdatastandards/client/api/banking/BankingProductsAPI$GetProductDetailReturnTypeResolver$2" sourcefilename="BankingProductsAPI.java"><method name="&lt;init&gt;" desc="(Lau/org/consumerdatastandards/client/api/banking/BankingProductsAPI$GetProductDetailReturnTypeResolver;)V" line="617"><counter type="INSTRUCTION" missed="6" covered="0"/><counter type="LINE" missed="1" covered="0"/><counter type="COMPLEXITY" missed="1" covered="0"/><counter type="METHOD" missed="1" covered="0"/></method><counter type="INSTRUCTION" missed="6" covered="0"/><counter type="LINE" missed="1" covered="0"/><counter type="COMPLEXITY" missed="1" covered="0"/><counter type="METHOD" missed="1" covered="0"/><counter type="CLASS" missed="1" covered="0"/></class><class name="au/org/consumerdatastandards/client/api/banking/BankingProductsAPI$GetProductDetailReturnTypeResolver$1" sourcefilename="BankingProductsAPI.java"><method name="&lt;init&gt;" desc="(Lau/org/consumerdatastandards/client/api/banking/BankingProductsAPI$GetProductDetailReturnTypeResolver;)V" line="615"><counter type="INSTRUCTION" missed="6" covered="0"/><counter type="LINE" missed="1" covered="0"/><counter type="COMPLEXITY" missed="1" covered="0"/><counter type="METHOD" missed="1" covered="0"/></method><counter type="INSTRUCTION" missed="6" covered="0"/><counter type="LINE" missed="1" covered="0"/><counter type="COMPLEXITY" missed="1" covered="0"/><counter type="METHOD" missed="1" covered="0"/><counter type="CLASS" missed="1" covered="0"/></class><class name="au/org/consumerdatastandards/client/api/banking/BankingAccountsAPI" sourcefilename="BankingAccountsAPI.java"><method name="&lt;init&gt;" desc="()V" line="35"><counter type="INSTRUCTION" missed="3" covered="0"/><counter type="LINE" missed="1" covered="0"/><counter type="COMPLEXITY" missed="1" covered="0"/><counter type="METHOD" missed="1" covered="0"/></method><method name="getAccountDetailCall" desc="(Ljava/lang/String;Lau/org/consumerdatastandards/client/ApiCallback;)Lokhttp3/Call;" line="61"><counter type="INSTRUCTION" missed="45" covered="0"/><counter type="LINE" missed="10" covered="0"/><counter type="COMPLEXITY" missed="1" covered="0"/><counter type="METHOD" missed="1" covered="0"/></method><method name="getAccountDetailValidateBeforeCall" desc="(Ljava/lang/String;Lau/org/consumerdatastandards/client/ApiCallback;)Lokhttp3/Call;" line="83"><counter type="INSTRUCTION" missed="12" covered="0"/><counter type="BRANCH" missed="2" covered="0"/><counter type="LINE" missed="3" covered="0"/><counter type="COMPLEXITY" missed="2" covered="0"/><counter type="METHOD" missed="1" covered="0"/></method><method name="getAccountDetail" desc="(Ljava/lang/String;)Lau/org/consumerdatastandards/client/model/banking/ResponseBankingAccountById;" line="113"><counter type="INSTRUCTION" missed="12" covered="0"/><counter type="LINE" missed="3" covered="0"/><counter type="COMPLEXITY" missed="1" covered="0"/><counter type="METHOD" missed="1" covered="0"/></method><method name="getAccountDetailWithHttpInfo" desc="(Ljava/lang/String;)Lau/org/consumerdatastandards/client/ApiResponse;" line="141"><counter type="INSTRUCTION" missed="17" covered="0"/><counter type="LINE" missed="3" covered="0"/><counter type="COMPLEXITY" missed="1" covered="0"/><counter type="METHOD" missed="1" covered="0"/></method><method name="getAccountDetailAsync" desc="(Ljava/lang/String;Lau/org/consumerdatastandards/client/ApiCallback;)Lokhttp3/Call;" line="169"><counter type="INSTRUCTION" missed="23" covered="0"/><counter type="LINE" missed="5" covered="0"/><counter type="COMPLEXITY" missed="1" covered="0"/><counter type="METHOD" missed="1" covered="0"/></method><method name="getBalanceCall" desc="(Ljava/lang/String;Lau/org/consumerdatastandards/client/ApiCallback;)Lokhttp3/Call;" line="199"><counter type="INSTRUCTION" missed="45" covered="0"/><counter type="LINE" missed="10" covered="0"/><counter type="COMPLEXITY" missed="1" covered="0"/><counter type="METHOD" missed="1" covered="0"/></method><method name="getBalanceValidateBeforeCall" desc="(Ljava/lang/String;Lau/org/consumerdatastandards/client/ApiCallback;)Lokhttp3/Call;" line="221"><counter type="INSTRUCTION" missed="12" covered="0"/><counter type="BRANCH" missed="2" covered="0"/><counter type="LINE" missed="3" covered="0"/><counter type="COMPLEXITY" missed="2" covered="0"/><counter type="METHOD" missed="1" covered="0"/></method><method name="getBalance" desc="(Ljava/lang/String;)Lau/org/consumerdatastandards/client/model/banking/ResponseBankingAccountsBalanceById;" line="251"><counter type="INSTRUCTION" missed="12" covered="0"/><counter type="LINE" missed="3" covered="0"/><counter type="COMPLEXITY" missed="1" covered="0"/><counter type="METHOD" missed="1" covered="0"/></method><method name="getBalanceWithHttpInfo" desc="(Ljava/lang/String;)Lau/org/consumerdatastandards/client/ApiResponse;" line="279"><counter type="INSTRUCTION" missed="17" covered="0"/><counter type="LINE" missed="3" covered="0"/><counter type="COMPLEXITY" missed="1" covered="0"/><counter type="METHOD" missed="1" covered="0"/></method><method name="getBalanceAsync" desc="(Ljava/lang/String;Lau/org/consumerdatastandards/client/ApiCallback;)Lokhttp3/Call;" line="307"><counter type="INSTRUCTION" missed="23" covered="0"/><counter type="LINE" missed="5" covered="0"/><counter type="COMPLEXITY" missed="1" covered="0"/><counter type="METHOD" missed="1" covered="0"/></method><method name="getTransactionDetailCall" desc="(Ljava/lang/String;Ljava/lang/String;Lau/org/consumerdatastandards/client/ApiCallback;)Lokhttp3/Call;" line="338"><counter type="INSTRUCTION" missed="63" covered="0"/><counter type="LINE" missed="11" covered="0"/><counter type="COMPLEXITY" missed="1" covered="0"/><counter type="METHOD" missed="1" covered="0"/></method><method name="getTransactionDetailValidateBeforeCall" desc="(Ljava/lang/String;Ljava/lang/String;Lau/org/consumerdatastandards/client/ApiCallback;)Lokhttp3/Call;" line="362"><counter type="INSTRUCTION" missed="20" covered="0"/><counter type="BRANCH" missed="4" covered="0"/><counter type="LINE" missed="5" covered="0"/><counter type="COMPLEXITY" missed="3" covered="0"/><counter type="METHOD" missed="1" covered="0"/></method><method name="getTransactionDetail" desc="(Ljava/lang/String;Ljava/lang/String;)Lau/org/consumerdatastandards/client/model/banking/ResponseBankingTransactionById;" line="398"><counter type="INSTRUCTION" missed="14" covered="0"/><counter type="LINE" missed="3" covered="0"/><counter type="COMPLEXITY" missed="1" covered="0"/><counter type="METHOD" missed="1" covered="0"/></method><method name="getTransactionDetailWithHttpInfo" desc="(Ljava/lang/String;Ljava/lang/String;)Lau/org/consumerdatastandards/client/ApiResponse;" line="428"><counter type="INSTRUCTION" missed="18" covered="0"/><counter type="LINE" missed="3" covered="0"/><counter type="COMPLEXITY" missed="1" covered="0"/><counter type="METHOD" missed="1" covered="0"/></method><method name="getTransactionDetailAsync" desc="(Ljava/lang/String;Ljava/lang/String;Lau/org/consumerdatastandards/client/ApiCallback;)Lokhttp3/Call;" line="457"><counter type="INSTRUCTION" missed="25" covered="0"/><counter type="LINE" missed="5" covered="0"/><counter type="COMPLEXITY" missed="1" covered="0"/><counter type="METHOD" missed="1" covered="0"/></method><method name="getTransactionsCall" desc="(Ljava/lang/String;Ljava/time/OffsetDateTime;Ljava/time/OffsetDateTime;Ljava/lang/String;Ljava/lang/String;Ljava/lang/String;Ljava/lang/Integer;Ljava/lang/Integer;Lau/org/consumerdatastandards/client/ApiCallback;)Lokhttp3/Call;" line="495"><counter type="INSTRUCTION" missed="116" covered="0"/><counter type="LINE" missed="17" covered="0"/><counter type="COMPLEXITY" missed="1" covered="0"/><counter type="METHOD" missed="1" covered="0"/></method><method name="getTransactionsValidateBeforeCall" desc="(Ljava/lang/String;Ljava/time/OffsetDateTime;Ljava/time/OffsetDateTime;Ljava/lang/String;Ljava/lang/String;Ljava/lang/String;Ljava/lang/Integer;Ljava/lang/Integer;Lau/org/consumerdatastandards/client/ApiCallback;)Lokhttp3/Call;" line="531"><counter type="INSTRUCTION" missed="19" covered="0"/><counter type="BRANCH" missed="2" covered="0"/><counter type="LINE" missed="3" covered="0"/><counter type="COMPLEXITY" missed="2" covered="0"/><counter type="METHOD" missed="1" covered="0"/></method><method name="getTransactions" desc="(Ljava/lang/String;Ljava/time/OffsetDateTime;Ljava/time/OffsetDateTime;Ljava/lang/String;Ljava/lang/String;Ljava/lang/String;Ljava/lang/Integer;Ljava/lang/Integer;)Lau/org/consumerdatastandards/client/model/banking/ResponseBankingTransactionList;" line="568"><counter type="INSTRUCTION" missed="52" covered="0"/><counter type="LINE" missed="3" covered="0"/><counter type="COMPLEXITY" missed="1" covered="0"/><counter type="METHOD" missed="1" covered="0"/></method><method name="getTransactionsWithHttpInfo" desc="(Ljava/lang/String;Ljava/time/OffsetDateTime;Ljava/time/OffsetDateTime;Ljava/lang/String;Ljava/lang/String;Ljava/lang/String;Ljava/lang/Integer;Ljava/lang/Integer;)Lau/org/consumerdatastandards/client/ApiResponse;" line="610"><counter type="INSTRUCTION" missed="24" covered="0"/><counter type="LINE" missed="3" covered="0"/><counter type="COMPLEXITY" missed="1" covered="0"/><counter type="METHOD" missed="1" covered="0"/></method><method name="getTransactionsAsync" desc="(Ljava/lang/String;Ljava/time/OffsetDateTime;Ljava/time/OffsetDateTime;Ljava/lang/String;Ljava/lang/String;Ljava/lang/String;Ljava/lang/Integer;Ljava/lang/Integer;Lau/org/consumerdatastandards/client/ApiCallback;)Lokhttp3/Call;" line="645"><counter type="INSTRUCTION" missed="63" covered="0"/><counter type="LINE" missed="5" covered="0"/><counter type="COMPLEXITY" missed="1" covered="0"/><counter type="METHOD" missed="1" covered="0"/></method><method name="listAccountsCall" desc="(Lau/org/consumerdatastandards/client/model/banking/BankingProductCategory;Lau/org/consumerdatastandards/client/model/banking/ParamAccountOpenStatus;Ljava/lang/Boolean;Ljava/lang/Integer;Ljava/lang/Integer;Lau/org/consumerdatastandards/client/ApiCallback;)Lokhttp3/Call;" line="686"><counter type="INSTRUCTION" missed="88" covered="0"/><counter type="LINE" missed="14" covered="0"/><counter type="COMPLEXITY" missed="1" covered="0"/><counter type="METHOD" missed="1" covered="0"/></method><method name="listAccountsValidateBeforeCall" desc="(Lau/org/consumerdatastandards/client/model/banking/BankingProductCategory;Lau/org/consumerdatastandards/client/model/banking/ParamAccountOpenStatus;Ljava/lang/Boolean;Ljava/lang/Integer;Ljava/lang/Integer;Lau/org/consumerdatastandards/client/ApiCallback;)Lokhttp3/Call;" line="716"><counter type="INSTRUCTION" missed="9" covered="0"/><counter type="LINE" missed="1" covered="0"/><counter type="COMPLEXITY" missed="1" covered="0"/><counter type="METHOD" missed="1" covered="0"/></method><method name="listAccounts" desc="(Lau/org/consumerdatastandards/client/model/banking/BankingProductCategory;Lau/org/consumerdatastandards/client/model/banking/ParamAccountOpenStatus;Ljava/lang/Boolean;Ljava/lang/Integer;Ljava/lang/Integer;)Lau/org/consumerdatastandards/client/model/banking/ResponseBankingAccountList;" line="745"><counter type="INSTRUCTION" missed="37" covered="0"/><counter type="LINE" missed="3" covered="0"/><counter type="COMPLEXITY" missed="1" covered="0"/><counter type="METHOD" missed="1" covered="0"/></method><method name="listAccountsWithHttpInfo" desc="(Lau/org/consumerdatastandards/client/model/banking/BankingProductCategory;Lau/org/consumerdatastandards/client/model/banking/ParamAccountOpenStatus;Ljava/lang/Boolean;Ljava/lang/Integer;Ljava/lang/Integer;)Lau/org/consumerdatastandards/client/ApiResponse;" line="781"><counter type="INSTRUCTION" missed="21" covered="0"/><counter type="LINE" missed="3" covered="0"/><counter type="COMPLEXITY" missed="1" covered="0"/><counter type="METHOD" missed="1" covered="0"/></method><method name="listAccountsAsync" desc="(Lau/org/consumerdatastandards/client/model/banking/BankingProductCategory;Lau/org/consumerdatastandards/client/model/banking/ParamAccountOpenStatus;Ljava/lang/Boolean;Ljava/lang/Integer;Ljava/lang/Integer;Lau/org/consumerdatastandards/client/ApiCallback;)Lokhttp3/Call;" line="813"><counter type="INSTRUCTION" missed="48" covered="0"/><counter type="LINE" missed="5" covered="0"/><counter type="COMPLEXITY" missed="1" covered="0"/><counter type="METHOD" missed="1" covered="0"/></method><method name="listBalancesBulkCall" desc="(Lau/org/consumerdatastandards/client/model/banking/BankingProductCategory;Lau/org/consumerdatastandards/client/model/banking/ParamAccountOpenStatus;Ljava/lang/Boolean;Ljava/lang/Integer;Ljava/lang/Integer;Lau/org/consumerdatastandards/client/ApiCallback;)Lokhttp3/Call;" line="851"><counter type="INSTRUCTION" missed="88" covered="0"/><counter type="LINE" missed="14" covered="0"/><counter type="COMPLEXITY" missed="1" covered="0"/><counter type="METHOD" missed="1" covered="0"/></method><method name="listBalancesBulkValidateBeforeCall" desc="(Lau/org/consumerdatastandards/client/model/banking/BankingProductCategory;Lau/org/consumerdatastandards/client/model/banking/ParamAccountOpenStatus;Ljava/lang/Boolean;Ljava/lang/Integer;Ljava/lang/Integer;Lau/org/consumerdatastandards/client/ApiCallback;)Lokhttp3/Call;" line="881"><counter type="INSTRUCTION" missed="9" covered="0"/><counter type="LINE" missed="1" covered="0"/><counter type="COMPLEXITY" missed="1" covered="0"/><counter type="METHOD" missed="1" covered="0"/></method><method name="listBalancesBulk" desc="(Lau/org/consumerdatastandards/client/model/banking/BankingProductCategory;Lau/org/consumerdatastandards/client/model/banking/ParamAccountOpenStatus;Ljava/lang/Boolean;Ljava/lang/Integer;Ljava/lang/Integer;)Lau/org/consumerdatastandards/client/model/banking/ResponseBankingAccountsBalanceList;" line="910"><counter type="INSTRUCTION" missed="37" covered="0"/><counter type="LINE" missed="3" covered="0"/><counter type="COMPLEXITY" missed="1" covered="0"/><counter type="METHOD" missed="1" covered="0"/></method><method name="listBalancesBulkWithHttpInfo" desc="(Lau/org/consumerdatastandards/client/model/banking/BankingProductCategory;Lau/org/consumerdatastandards/client/model/banking/ParamAccountOpenStatus;Ljava/lang/Boolean;Ljava/lang/Integer;Ljava/lang/Integer;)Lau/org/consumerdatastandards/client/ApiResponse;" line="946"><counter type="INSTRUCTION" missed="21" covered="0"/><counter type="LINE" missed="3" covered="0"/><counter type="COMPLEXITY" missed="1" covered="0"/><counter type="METHOD" missed="1" covered="0"/></method><method name="listBalancesBulkAsync" desc="(Lau/org/consumerdatastandards/client/model/banking/BankingProductCategory;Lau/org/consumerdatastandards/client/model/banking/ParamAccountOpenStatus;Ljava/lang/Boolean;Ljava/lang/Integer;Ljava/lang/Integer;Lau/org/consumerdatastandards/client/ApiCallback;)Lokhttp3/Call;" line="978"><counter type="INSTRUCTION" missed="48" covered="0"/><counter type="LINE" missed="5" covered="0"/><counter type="COMPLEXITY" missed="1" covered="0"/><counter type="METHOD" missed="1" covered="0"/></method><method name="listBalancesSpecificAccountsCall" desc="(Lau/org/consumerdatastandards/client/model/banking/RequestAccountIds;Ljava/lang/Integer;Ljava/lang/Integer;Lau/org/consumerdatastandards/client/ApiCallback;)Lokhttp3/Call;" line="1020"><counter type="INSTRUCTION" missed="63" covered="0"/><counter type="LINE" missed="10" covered="0"/><counter type="COMPLEXITY" missed="1" covered="0"/><counter type="METHOD" missed="1" covered="0"/></method><method name="listBalancesSpecificAccountsValidateBeforeCall" desc="(Lau/org/consumerdatastandards/client/model/banking/RequestAccountIds;Ljava/lang/Integer;Ljava/lang/Integer;Lau/org/consumerdatastandards/client/ApiCallback;)Lokhttp3/Call;" line="1042"><counter type="INSTRUCTION" missed="14" covered="0"/><counter type="BRANCH" missed="2" covered="0"/><counter type="LINE" missed="3" covered="0"/><counter type="COMPLEXITY" missed="2" covered="0"/><counter type="METHOD" missed="1" covered="0"/></method><method name="listBalancesSpecificAccounts" desc="(Lau/org/consumerdatastandards/client/model/banking/RequestAccountIds;Ljava/lang/Integer;Ljava/lang/Integer;)Lau/org/consumerdatastandards/client/model/banking/ResponseBankingAccountsBalanceList;" line="1079"><counter type="INSTRUCTION" missed="27" covered="0"/><counter type="LINE" missed="3" covered="0"/><counter type="COMPLEXITY" missed="1" covered="0"/><counter type="METHOD" missed="1" covered="0"/></method><method name="listBalancesSpecificAccountsWithHttpInfo" desc="(Lau/org/consumerdatastandards/client/model/banking/RequestAccountIds;Ljava/lang/Integer;Ljava/lang/Integer;)Lau/org/consumerdatastandards/client/ApiResponse;" line="1116"><counter type="INSTRUCTION" missed="19" covered="0"/><counter type="LINE" missed="3" covered="0"/><counter type="COMPLEXITY" missed="1" covered="0"/><counter type="METHOD" missed="1" covered="0"/></method><method name="listBalancesSpecificAccountsAsync" desc="(Lau/org/consumerdatastandards/client/model/banking/RequestAccountIds;Ljava/lang/Integer;Ljava/lang/Integer;Lau/org/consumerdatastandards/client/ApiCallback;)Lokhttp3/Call;" line="1151"><counter type="INSTRUCTION" missed="38" covered="0"/><counter type="LINE" missed="5" covered="0"/><counter type="COMPLEXITY" missed="1" covered="0"/><counter type="METHOD" missed="1" covered="0"/></method><method name="addQueryParam" desc="(Ljava/util/List;Ljava/lang/String;Ljava/lang/Object;)V" line="1163"><counter type="INSTRUCTION" missed="16" covered="0"/><counter type="BRANCH" missed="2" covered="0"/><counter type="LINE" missed="4" covered="0"/><counter type="COMPLEXITY" missed="2" covered="0"/><counter type="METHOD" missed="1" covered="0"/></method><method name="&lt;clinit&gt;" desc="()V" line="37"><counter type="INSTRUCTION" missed="4" covered="0"/><counter type="LINE" missed="1" covered="0"/><counter type="COMPLEXITY" missed="1" covered="0"/><counter type="METHOD" missed="1" covered="0"/></method><counter type="INSTRUCTION" missed="1222" covered="0"/><counter type="BRANCH" missed="14" covered="0"/><counter type="LINE" missed="188" covered="0"/><counter type="COMPLEXITY" missed="45" covered="0"/><counter type="METHOD" missed="38" covered="0"/><counter type="CLASS" missed="1" covered="0"/></class><class name="au/org/consumerdatastandards/client/api/banking/BankingPayeesAPI$ParamType" sourcefilename="BankingPayeesAPI.java"><method name="&lt;clinit&gt;" desc="()V" line="29"><counter type="INSTRUCTION" missed="44" covered="0"/><counter type="LINE" missed="5" covered="0"/><counter type="COMPLEXITY" missed="1" covered="0"/><counter type="METHOD" missed="1" covered="0"/></method><counter type="INSTRUCTION" missed="44" covered="0"/><counter type="LINE" missed="5" covered="0"/><counter type="COMPLEXITY" missed="1" covered="0"/><counter type="METHOD" missed="1" covered="0"/><counter type="CLASS" missed="1" covered="0"/></class><class name="au/org/consumerdatastandards/client/api/banking/BankingProductsAPI$ListProductsReturnTypeResolver" sourcefilename="BankingProductsAPI.java"><method name="&lt;init&gt;" desc="(Lau/org/consumerdatastandards/client/api/banking/BankingProductsAPI;)V" line="590"><counter type="INSTRUCTION" missed="6" covered="0"/><counter type="LINE" missed="1" covered="0"/><counter type="COMPLEXITY" missed="1" covered="0"/><counter type="METHOD" missed="1" covered="0"/></method><method name="resolve" desc="(Lokhttp3/Response;)Ljava/lang/reflect/Type;" line="593"><counter type="INSTRUCTION" missed="30" covered="0"/><counter type="BRANCH" missed="5" covered="0"/><counter type="LINE" missed="7" covered="0"/><counter type="COMPLEXITY" missed="4" covered="0"/><counter type="METHOD" missed="1" covered="0"/></method><counter type="INSTRUCTION" missed="36" covered="0"/><counter type="BRANCH" missed="5" covered="0"/><counter type="LINE" missed="8" covered="0"/><counter type="COMPLEXITY" missed="5" covered="0"/><counter type="METHOD" missed="2" covered="0"/><counter type="CLASS" missed="1" covered="0"/></class><class name="au/org/consumerdatastandards/client/api/banking/BankingProductsAPI" sourcefilename="BankingProductsAPI.java"><method name="&lt;init&gt;" desc="()V" line="40"><counter type="INSTRUCTION" missed="3" covered="0"/><counter type="LINE" missed="1" covered="0"/><counter type="COMPLEXITY" missed="1" covered="0"/><counter type="METHOD" missed="1" covered="0"/></method><method name="getApiClient" desc="()Lau/org/consumerdatastandards/client/ApiClient;" line="53"><counter type="INSTRUCTION" missed="3" covered="0"/><counter type="LINE" missed="1" covered="0"/><counter type="COMPLEXITY" missed="1" covered="0"/><counter type="METHOD" missed="1" covered="0"/></method><method name="setApiClient" desc="(Lau/org/consumerdatastandards/client/ApiClient;)V" line="57"><counter type="INSTRUCTION" missed="4" covered="0"/><counter type="LINE" missed="2" covered="0"/><counter type="COMPLEXITY" missed="1" covered="0"/><counter type="METHOD" missed="1" covered="0"/></method><method name="getProductDetailCall" desc="(Ljava/lang/String;Lau/org/consumerdatastandards/client/ApiCallback;)Lokhttp3/Call;" line="82"><counter type="INSTRUCTION" missed="7" covered="0"/><counter type="LINE" missed="1" covered="0"/><counter type="COMPLEXITY" missed="1" covered="0"/><counter type="METHOD" missed="1" covered="0"/></method><method name="getProductDetailCall" desc="(Ljava/lang/String;Ljava/lang/Integer;Lau/org/consumerdatastandards/client/ApiCallback;)Lokhttp3/Call;" line="108"><counter type="INSTRUCTION" missed="54" covered="0"/><counter type="LINE" missed="10" covered="0"/><counter type="COMPLEXITY" missed="1" covered="0"/><counter type="METHOD" missed="1" covered="0"/></method><method name="getProductDetailValidateBeforeCall" desc="(Ljava/lang/String;Ljava/lang/Integer;Lau/org/consumerdatastandards/client/ApiCallback;)Lokhttp3/Call;" line="130"><counter type="INSTRUCTION" missed="13" covered="0"/><counter type="BRANCH" missed="2" covered="0"/><counter type="LINE" missed="3" covered="0"/><counter type="COMPLEXITY" missed="2" covered="0"/><counter type="METHOD" missed="1" covered="0"/></method><method name="getProductDetail" desc="(Ljava/lang/String;)Lau/org/consumerdatastandards/client/model/banking/ResponseBankingProductById;" line="159"><counter type="INSTRUCTION" missed="6" covered="0"/><counter type="LINE" missed="1" covered="0"/><counter type="COMPLEXITY" missed="1" covered="0"/><counter type="METHOD" missed="1" covered="0"/></method><method name="getProductDetail" desc="(Ljava/lang/String;Ljava/lang/Integer;)Lau/org/consumerdatastandards/client/model/banking/ResponseBankingProductById;" line="185"><counter type="INSTRUCTION" missed="14" covered="0"/><counter type="LINE" missed="3" covered="0"/><counter type="COMPLEXITY" missed="1" covered="0"/><counter type="METHOD" missed="1" covered="0"/></method><method name="getProductDetailWithHttpInfo" desc="(Ljava/lang/String;)Lau/org/consumerdatastandards/client/ApiResponse;" line="213"><counter type="INSTRUCTION" missed="6" covered="0"/><counter type="LINE" missed="1" covered="0"/><counter type="COMPLEXITY" missed="1" covered="0"/><counter type="METHOD" missed="1" covered="0"/></method><method name="getProductDetailWithHttpInfo" desc="(Ljava/lang/String;Ljava/lang/Integer;)Lau/org/consumerdatastandards/client/ApiResponse;" line="238"><counter type="INSTRUCTION" missed="28" covered="0"/><counter type="LINE" missed="6" covered="0"/><counter type="COMPLEXITY" missed="1" covered="0"/><counter type="METHOD" missed="1" covered="0"/></method><method name="getProductDetailAsync" desc="(Ljava/lang/String;Lau/org/consumerdatastandards/client/ApiCallback;)Lokhttp3/Call;" line="271"><counter type="INSTRUCTION" missed="7" covered="0"/><counter type="LINE" missed="1" covered="0"/><counter type="COMPLEXITY" missed="1" covered="0"/><counter type="METHOD" missed="1" covered="0"/></method><method name="getProductDetailAsync" desc="(Ljava/lang/String;Ljava/lang/Integer;Lau/org/consumerdatastandards/client/ApiCallback;)Lokhttp3/Call;" line="298"><counter type="INSTRUCTION" missed="22" covered="0"/><counter type="LINE" missed="4" covered="0"/><counter type="COMPLEXITY" missed="1" covered="0"/><counter type="METHOD" missed="1" covered="0"/></method><method name="listProductsCall" desc="(Lau/org/consumerdatastandards/client/api/banking/BankingProductsAPI$ParamEffective;Ljava/time/OffsetDateTime;Ljava/lang/String;Lau/org/consumerdatastandards/client/model/banking/BankingProductCategory;Ljava/lang/Integer;Ljava/lang/Integer;Ljava/lang/Integer;Lau/org/consumerdatastandards/client/ApiCallback;)Lokhttp3/Call;" line="334"><counter type="INSTRUCTION" missed="106" covered="0"/><counter type="LINE" missed="15" covered="0"/><counter type="COMPLEXITY" missed="1" covered="0"/><counter type="METHOD" missed="1" covered="0"/></method><method name="listProductsValidateBeforeCall" desc="(Lau/org/consumerdatastandards/client/api/banking/BankingProductsAPI$ParamEffective;Ljava/time/OffsetDateTime;Ljava/lang/String;Lau/org/consumerdatastandards/client/model/banking/BankingProductCategory;Ljava/lang/Integer;Ljava/lang/Integer;Ljava/lang/Integer;Lau/org/consumerdatastandards/client/ApiCallback;)Lokhttp3/Call;" line="366"><counter type="INSTRUCTION" missed="11" covered="0"/><counter type="LINE" missed="1" covered="0"/><counter type="COMPLEXITY" missed="1" covered="0"/><counter type="METHOD" missed="1" covered="0"/></method><method name="listProducts" desc="(Lau/org/consumerdatastandards/client/api/banking/BankingProductsAPI$ParamEffective;Ljava/time/OffsetDateTime;Ljava/lang/String;Lau/org/consumerdatastandards/client/model/banking/BankingProductCategory;Ljava/lang/Integer;Ljava/lang/Integer;Ljava/lang/Integer;)Lau/org/consumerdatastandards/client/model/banking/ResponseBankingProductList;" line="398"><counter type="INSTRUCTION" missed="47" covered="0"/><counter type="LINE" missed="3" covered="0"/><counter type="COMPLEXITY" missed="1" covered="0"/><counter type="METHOD" missed="1" covered="0"/></method><method name="listProducts" desc="(Lau/org/consumerdatastandards/client/api/banking/BankingProductsAPI$ParamEffective;Ljava/time/OffsetDateTime;Ljava/lang/String;Lau/org/consumerdatastandards/client/model/banking/BankingProductCategory;Ljava/lang/Integer;Ljava/lang/Integer;)Lau/org/consumerdatastandards/client/model/banking/ResponseBankingProductList;" line="438"><counter type="INSTRUCTION" missed="11" covered="0"/><counter type="LINE" missed="1" covered="0"/><counter type="COMPLEXITY" missed="1" covered="0"/><counter type="METHOD" missed="1" covered="0"/></method><method name="listProductsWithHttpInfo" desc="(Lau/org/consumerdatastandards/client/api/banking/BankingProductsAPI$ParamEffective;Ljava/time/OffsetDateTime;Ljava/lang/String;Lau/org/consumerdatastandards/client/model/banking/BankingProductCategory;Ljava/lang/Integer;Ljava/lang/Integer;)Lau/org/consumerdatastandards/client/ApiResponse;" line="469"><counter type="INSTRUCTION" missed="11" covered="0"/><counter type="LINE" missed="1" covered="0"/><counter type="COMPLEXITY" missed="1" covered="0"/><counter type="METHOD" missed="1" covered="0"/></method><method name="listProductsWithHttpInfo" desc="(Lau/org/consumerdatastandards/client/api/banking/BankingProductsAPI$ParamEffective;Ljava/time/OffsetDateTime;Ljava/lang/String;Lau/org/consumerdatastandards/client/model/banking/BankingProductCategory;Ljava/lang/Integer;Ljava/lang/Integer;Ljava/lang/Integer;)Lau/org/consumerdatastandards/client/ApiResponse;" line="500"><counter type="INSTRUCTION" missed="34" covered="0"/><counter type="LINE" missed="6" covered="0"/><counter type="COMPLEXITY" missed="1" covered="0"/><counter type="METHOD" missed="1" covered="0"/></method><method name="listProductsAsync" desc="(Lau/org/consumerdatastandards/client/api/banking/BankingProductsAPI$ParamEffective;Ljava/time/OffsetDateTime;Ljava/lang/String;Lau/org/consumerdatastandards/client/model/banking/BankingProductCategory;Ljava/lang/Integer;Ljava/lang/Integer;Lau/org/consumerdatastandards/client/ApiCallback;)Lokhttp3/Call;" line="538"><counter type="INSTRUCTION" missed="12" covered="0"/><counter type="LINE" missed="1" covered="0"/><counter type="COMPLEXITY" missed="1" covered="0"/><counter type="METHOD" missed="1" covered="0"/></method><method name="listProductsAsync" desc="(Lau/org/consumerdatastandards/client/api/banking/BankingProductsAPI$ParamEffective;Ljava/time/OffsetDateTime;Ljava/lang/String;Lau/org/consumerdatastandards/client/model/banking/BankingProductCategory;Ljava/lang/Integer;Ljava/lang/Integer;Ljava/lang/Integer;Lau/org/consumerdatastandards/client/ApiCallback;)Lokhttp3/Call;" line="570"><counter type="INSTRUCTION" missed="52" covered="0"/><counter type="LINE" missed="4" covered="0"/><counter type="COMPLEXITY" missed="1" covered="0"/><counter type="METHOD" missed="1" covered="0"/></method><method name="addQueryParam" desc="(Ljava/util/List;Ljava/lang/String;Ljava/lang/Object;)V" line="584"><counter type="INSTRUCTION" missed="16" covered="0"/><counter type="BRANCH" missed="2" covered="0"/><counter type="LINE" missed="4" covered="0"/><counter type="COMPLEXITY" missed="2" covered="0"/><counter type="METHOD" missed="1" covered="0"/></method><method name="&lt;clinit&gt;" desc="()V" line="48"><counter type="INSTRUCTION" missed="4" covered="0"/><counter type="LINE" missed="1" covered="0"/><counter type="COMPLEXITY" missed="1" covered="0"/><counter type="METHOD" missed="1" covered="0"/></method><counter type="INSTRUCTION" missed="471" covered="0"/><counter type="BRANCH" missed="4" covered="0"/><counter type="LINE" missed="71" covered="0"/><counter type="COMPLEXITY" missed="24" covered="0"/><counter type="METHOD" missed="22" covered="0"/><counter type="CLASS" missed="1" covered="0"/></class><class name="au/org/consumerdatastandards/client/api/banking/BankingDirectDebitsAPI" sourcefilename="BankingDirectDebitsAPI.java"><method name="&lt;init&gt;" desc="()V" line="29"><counter type="INSTRUCTION" missed="3" covered="0"/><counter type="LINE" missed="1" covered="0"/><counter type="COMPLEXITY" missed="1" covered="0"/><counter type="METHOD" missed="1" covered="0"/></method><method name="listDirectDebitsCall" desc="(Ljava/lang/String;Ljava/lang/Integer;Ljava/lang/Integer;Lau/org/consumerdatastandards/client/ApiCallback;)Lokhttp3/Call;" line="57"><counter type="INSTRUCTION" missed="71" covered="0"/><counter type="LINE" missed="12" covered="0"/><counter type="COMPLEXITY" missed="1" covered="0"/><counter type="METHOD" missed="1" covered="0"/></method><method name="listDirectDebitsValidateBeforeCall" desc="(Ljava/lang/String;Ljava/lang/Integer;Ljava/lang/Integer;Lau/org/consumerdatastandards/client/ApiCallback;)Lokhttp3/Call;" line="83"><counter type="INSTRUCTION" missed="14" covered="0"/><counter type="BRANCH" missed="2" covered="0"/><counter type="LINE" missed="3" covered="0"/><counter type="COMPLEXITY" missed="2" covered="0"/><counter type="METHOD" missed="1" covered="0"/></method><method name="listDirectDebits" desc="(Ljava/lang/String;Ljava/lang/Integer;Ljava/lang/Integer;)Lau/org/consumerdatastandards/client/model/banking/ResponseBankingDirectDebitAuthorisationList;" line="115"><counter type="INSTRUCTION" missed="27" covered="0"/><counter type="LINE" missed="3" covered="0"/><counter type="COMPLEXITY" missed="1" covered="0"/><counter type="METHOD" missed="1" covered="0"/></method><method name="listDirectDebitsWithHttpInfo" desc="(Ljava/lang/String;Ljava/lang/Integer;Ljava/lang/Integer;)Lau/org/consumerdatastandards/client/ApiResponse;" line="147"><counter type="INSTRUCTION" missed="19" covered="0"/><counter type="LINE" missed="3" covered="0"/><counter type="COMPLEXITY" missed="1" covered="0"/><counter type="METHOD" missed="1" covered="0"/></method><method name="listDirectDebitsAsync" desc="(Ljava/lang/String;Ljava/lang/Integer;Ljava/lang/Integer;Lau/org/consumerdatastandards/client/ApiCallback;)Lokhttp3/Call;" line="177"><counter type="INSTRUCTION" missed="38" covered="0"/><counter type="LINE" missed="5" covered="0"/><counter type="COMPLEXITY" missed="1" covered="0"/><counter type="METHOD" missed="1" covered="0"/></method><method name="listDirectDebitsBulkCall" desc="(Lau/org/consumerdatastandards/client/model/banking/BankingProductCategory;Lau/org/consumerdatastandards/client/model/banking/ParamAccountOpenStatus;Ljava/lang/Boolean;Ljava/lang/Integer;Ljava/lang/Integer;Lau/org/consumerdatastandards/client/ApiCallback;)Lokhttp3/Call;" line="213"><counter type="INSTRUCTION" missed="88" covered="0"/><counter type="LINE" missed="14" covered="0"/><counter type="COMPLEXITY" missed="1" covered="0"/><counter type="METHOD" missed="1" covered="0"/></method><method name="listDirectDebitsBulkValidateBeforeCall" desc="(Lau/org/consumerdatastandards/client/model/banking/BankingProductCategory;Lau/org/consumerdatastandards/client/model/banking/ParamAccountOpenStatus;Ljava/lang/Boolean;Ljava/lang/Integer;Ljava/lang/Integer;Lau/org/consumerdatastandards/client/ApiCallback;)Lokhttp3/Call;" line="243"><counter type="INSTRUCTION" missed="9" covered="0"/><counter type="LINE" missed="1" covered="0"/><counter type="COMPLEXITY" missed="1" covered="0"/><counter type="METHOD" missed="1" covered="0"/></method><method name="listDirectDebitsBulk" desc="(Lau/org/consumerdatastandards/client/model/banking/BankingProductCategory;Lau/org/consumerdatastandards/client/model/banking/ParamAccountOpenStatus;Ljava/lang/Boolean;Ljava/lang/Integer;Ljava/lang/Integer;)Lau/org/consumerdatastandards/client/model/banking/ResponseBankingDirectDebitAuthorisationList;" line="272"><counter type="INSTRUCTION" missed="37" covered="0"/><counter type="LINE" missed="3" covered="0"/><counter type="COMPLEXITY" missed="1" covered="0"/><counter type="METHOD" missed="1" covered="0"/></method><method name="listDirectDebitsBulkWithHttpInfo" desc="(Lau/org/consumerdatastandards/client/model/banking/BankingProductCategory;Lau/org/consumerdatastandards/client/model/banking/ParamAccountOpenStatus;Ljava/lang/Boolean;Ljava/lang/Integer;Ljava/lang/Integer;)Lau/org/consumerdatastandards/client/ApiResponse;" line="308"><counter type="INSTRUCTION" missed="21" covered="0"/><counter type="LINE" missed="3" covered="0"/><counter type="COMPLEXITY" missed="1" covered="0"/><counter type="METHOD" missed="1" covered="0"/></method><method name="listDirectDebitsBulkAsync" desc="(Lau/org/consumerdatastandards/client/model/banking/BankingProductCategory;Lau/org/consumerdatastandards/client/model/banking/ParamAccountOpenStatus;Ljava/lang/Boolean;Ljava/lang/Integer;Ljava/lang/Integer;Lau/org/consumerdatastandards/client/ApiCallback;)Lokhttp3/Call;" line="340"><counter type="INSTRUCTION" missed="48" covered="0"/><counter type="LINE" missed="5" covered="0"/><counter type="COMPLEXITY" missed="1" covered="0"/><counter type="METHOD" missed="1" covered="0"/></method><method name="listDirectDebitsSpecificAccountsCall" desc="(Lau/org/consumerdatastandards/client/model/banking/RequestAccountIds;Ljava/lang/Integer;Ljava/lang/Integer;Lau/org/consumerdatastandards/client/ApiCallback;)Lokhttp3/Call;" line="382"><counter type="INSTRUCTION" missed="63" covered="0"/><counter type="LINE" missed="10" covered="0"/><counter type="COMPLEXITY" missed="1" covered="0"/><counter type="METHOD" missed="1" covered="0"/></method><method name="listDirectDebitsSpecificAccountsValidateBeforeCall" desc="(Lau/org/consumerdatastandards/client/model/banking/RequestAccountIds;Ljava/lang/Integer;Ljava/lang/Integer;Lau/org/consumerdatastandards/client/ApiCallback;)Lokhttp3/Call;" line="404"><counter type="INSTRUCTION" missed="14" covered="0"/><counter type="BRANCH" missed="2" covered="0"/><counter type="LINE" missed="3" covered="0"/><counter type="COMPLEXITY" missed="2" covered="0"/><counter type="METHOD" missed="1" covered="0"/></method><method name="listDirectDebitsSpecificAccounts" desc="(Lau/org/consumerdatastandards/client/model/banking/RequestAccountIds;Ljava/lang/Integer;Ljava/lang/Integer;)Lau/org/consumerdatastandards/client/model/banking/ResponseBankingDirectDebitAuthorisationList;" line="443"><counter type="INSTRUCTION" missed="27" covered="0"/><counter type="LINE" missed="3" covered="0"/><counter type="COMPLEXITY" missed="1" covered="0"/><counter type="METHOD" missed="1" covered="0"/></method><method name="listDirectDebitsSpecificAccountsWithHttpInfo" desc="(Lau/org/consumerdatastandards/client/model/banking/RequestAccountIds;Ljava/lang/Integer;Ljava/lang/Integer;)Lau/org/consumerdatastandards/client/ApiResponse;" line="482"><counter type="INSTRUCTION" missed="19" covered="0"/><counter type="LINE" missed="3" covered="0"/><counter type="COMPLEXITY" missed="1" covered="0"/><counter type="METHOD" missed="1" covered="0"/></method><method name="listDirectDebitsSpecificAccountsAsync" desc="(Lau/org/consumerdatastandards/client/model/banking/RequestAccountIds;Ljava/lang/Integer;Ljava/lang/Integer;Lau/org/consumerdatastandards/client/ApiCallback;)Lokhttp3/Call;" line="517"><counter type="INSTRUCTION" missed="38" covered="0"/><counter type="LINE" missed="5" covered="0"/><counter type="COMPLEXITY" missed="1" covered="0"/><counter type="METHOD" missed="1" covered="0"/></method><method name="addQueryParam" desc="(Ljava/util/List;Ljava/lang/String;Ljava/lang/Object;)V" line="529"><counter type="INSTRUCTION" missed="16" covered="0"/><counter type="BRANCH" missed="2" covered="0"/><counter type="LINE" missed="4" covered="0"/><counter type="COMPLEXITY" missed="2" covered="0"/><counter type="METHOD" missed="1" covered="0"/></method><method name="&lt;clinit&gt;" desc="()V" line="31"><counter type="INSTRUCTION" missed="4" covered="0"/><counter type="LINE" missed="1" covered="0"/><counter type="COMPLEXITY" missed="1" covered="0"/><counter type="METHOD" missed="1" covered="0"/></method><counter type="INSTRUCTION" missed="556" covered="0"/><counter type="BRANCH" missed="6" covered="0"/><counter type="LINE" missed="82" covered="0"/><counter type="COMPLEXITY" missed="21" covered="0"/><counter type="METHOD" missed="18" covered="0"/><counter type="CLASS" missed="1" covered="0"/></class><class name="au/org/consumerdatastandards/client/api/banking/BankingPayeesAPI$3" sourcefilename="BankingPayeesAPI.java"><method name="&lt;init&gt;" desc="(Lau/org/consumerdatastandards/client/api/banking/BankingPayeesAPI;)V" line="284"><counter type="INSTRUCTION" missed="6" covered="0"/><counter type="LINE" missed="1" covered="0"/><counter type="COMPLEXITY" missed="1" covered="0"/><counter type="METHOD" missed="1" covered="0"/></method><counter type="INSTRUCTION" missed="6" covered="0"/><counter type="LINE" missed="1" covered="0"/><counter type="COMPLEXITY" missed="1" covered="0"/><counter type="METHOD" missed="1" covered="0"/><counter type="CLASS" missed="1" covered="0"/></class><class name="au/org/consumerdatastandards/client/api/banking/BankingPayeesAPI$2" sourcefilename="BankingPayeesAPI.java"><method name="&lt;init&gt;" desc="(Lau/org/consumerdatastandards/client/api/banking/BankingPayeesAPI;)V" line="170"><counter type="INSTRUCTION" missed="6" covered="0"/><counter type="LINE" missed="1" covered="0"/><counter type="COMPLEXITY" missed="1" covered="0"/><counter type="METHOD" missed="1" covered="0"/></method><counter type="INSTRUCTION" missed="6" covered="0"/><counter type="LINE" missed="1" covered="0"/><counter type="COMPLEXITY" missed="1" covered="0"/><counter type="METHOD" missed="1" covered="0"/><counter type="CLASS" missed="1" covered="0"/></class><class name="au/org/consumerdatastandards/client/api/banking/BankingPayeesAPI$1" sourcefilename="BankingPayeesAPI.java"><method name="&lt;init&gt;" desc="(Lau/org/consumerdatastandards/client/api/banking/BankingPayeesAPI;)V" line="139"><counter type="INSTRUCTION" missed="6" covered="0"/><counter type="LINE" missed="1" covered="0"/><counter type="COMPLEXITY" missed="1" covered="0"/><counter type="METHOD" missed="1" covered="0"/></method><counter type="INSTRUCTION" missed="6" covered="0"/><counter type="LINE" missed="1" covered="0"/><counter type="COMPLEXITY" missed="1" covered="0"/><counter type="METHOD" missed="1" covered="0"/><counter type="CLASS" missed="1" covered="0"/></class><class name="au/org/consumerdatastandards/client/api/banking/BankingPayeesAPI$4" sourcefilename="BankingPayeesAPI.java"><method name="&lt;init&gt;" desc="(Lau/org/consumerdatastandards/client/api/banking/BankingPayeesAPI;)V" line="319"><counter type="INSTRUCTION" missed="6" covered="0"/><counter type="LINE" missed="1" covered="0"/><counter type="COMPLEXITY" missed="1" covered="0"/><counter type="METHOD" missed="1" covered="0"/></method><counter type="INSTRUCTION" missed="6" covered="0"/><counter type="LINE" missed="1" covered="0"/><counter type="COMPLEXITY" missed="1" covered="0"/><counter type="METHOD" missed="1" covered="0"/><counter type="CLASS" missed="1" covered="0"/></class><class name="au/org/consumerdatastandards/client/api/banking/BankingProductsAPI$ParamEffective" sourcefilename="BankingProductsAPI.java"><method name="&lt;clinit&gt;" desc="()V" line="42"><counter type="INSTRUCTION" missed="34" covered="0"/><counter type="LINE" missed="4" covered="0"/><counter type="COMPLEXITY" missed="1" covered="0"/><counter type="METHOD" missed="1" covered="0"/></method><counter type="INSTRUCTION" missed="34" covered="0"/><counter type="LINE" missed="4" covered="0"/><counter type="COMPLEXITY" missed="1" covered="0"/><counter type="METHOD" missed="1" covered="0"/><counter type="CLASS" missed="1" covered="0"/></class><class name="au/org/consumerdatastandards/client/api/banking/BankingAccountsAPI$1" sourcefilename="BankingAccountsAPI.java"><method name="&lt;init&gt;" desc="(Lau/org/consumerdatastandards/client/api/banking/BankingAccountsAPI;)V" line="142"><counter type="INSTRUCTION" missed="6" covered="0"/><counter type="LINE" missed="1" covered="0"/><counter type="COMPLEXITY" missed="1" covered="0"/><counter type="METHOD" missed="1" covered="0"/></method><counter type="INSTRUCTION" missed="6" covered="0"/><counter type="LINE" missed="1" covered="0"/><counter type="COMPLEXITY" missed="1" covered="0"/><counter type="METHOD" missed="1" covered="0"/><counter type="CLASS" missed="1" covered="0"/></class><class name="au/org/consumerdatastandards/client/api/banking/BankingAccountsAPI$2" sourcefilename="BankingAccountsAPI.java"><method name="&lt;init&gt;" desc="(Lau/org/consumerdatastandards/client/api/banking/BankingAccountsAPI;)V" line="173"><counter type="INSTRUCTION" missed="6" covered="0"/><counter type="LINE" missed="1" covered="0"/><counter type="COMPLEXITY" missed="1" covered="0"/><counter type="METHOD" missed="1" covered="0"/></method><counter type="INSTRUCTION" missed="6" covered="0"/><counter type="LINE" missed="1" covered="0"/><counter type="COMPLEXITY" missed="1" covered="0"/><counter type="METHOD" missed="1" covered="0"/><counter type="CLASS" missed="1" covered="0"/></class><sourcefile name="BankingPayeesAPI.java"><line nr="27" mi="3" ci="0" mb="0" cb="0"/><line nr="29" mi="20" ci="0" mb="0" cb="0"/><line nr="30" mi="6" ci="0" mb="0" cb="0"/><line nr="31" mi="6" ci="0" mb="0" cb="0"/><line nr="32" mi="6" ci="0" mb="0" cb="0"/><line nr="33" mi="6" ci="0" mb="0" cb="0"/><line nr="36" mi="4" ci="0" mb="0" cb="0"/><line nr="60" mi="2" ci="0" mb="0" cb="0"/><line nr="63" mi="5" ci="0" mb="0" cb="0"/><line nr="64" mi="3" ci="0" mb="0" cb="0"/><line nr="66" mi="5" ci="0" mb="0" cb="0"/><line nr="70" mi="4" ci="0" mb="0" cb="0"/><line nr="71" mi="4" ci="0" mb="0" cb="0"/><line nr="72" mi="4" ci="0" mb="0" cb="0"/><line nr="73" mi="3" ci="0" mb="0" cb="0"/><line nr="74" mi="3" ci="0" mb="0" cb="0"/><line nr="75" mi="12" ci="0" mb="0" cb="0"/><line nr="81" mi="2" ci="0" mb="2" cb="0"/><line nr="82" mi="5" ci="0" mb="0" cb="0"/><line nr="85" mi="5" ci="0" mb="0" cb="0"/><line nr="110" mi="4" ci="0" mb="0" cb="0"/><line nr="113" mi="4" ci="0" mb="0" cb="0"/><line nr="114" mi="4" ci="0" mb="0" cb="0"/><line nr="138" mi="5" ci="0" mb="0" cb="0"/><line nr="139" mi="12" ci="0" mb="0" cb="0"/><line nr="140" mi="6" ci="0" mb="0
[...]
rAPI$3" sourcefilename="CommonCustomerAPI.java"><method name="&lt;init&gt;" desc="(Lau/org/consumerdatastandards/client/api/CommonCustomerAPI;)V" line="251"><counter type="INSTRUCTION" missed="6" covered="0"/><counter type="LINE" missed="1" covered="0"/><counter type="COMPLEXITY" missed="1" covered="0"/><counter type="METHOD" missed="1" covered="0"/></method><counter type="INSTRUCTION" missed="6" covered="0"/><counter type="LINE" missed="1" covered="0"/><counter type="COMPLEXITY" missed="1" covered="0"/><counter type="METHOD" missed="1" covered="0"/><counter type="CLASS" missed="1" covered="0"/></class><class name="au/org/consumerdatastandards/client/api/CommonCustomerAPI$2" sourcefilename="CommonCustomerAPI.java"><method name="&lt;init&gt;" desc="(Lau/org/consumerdatastandards/client/api/CommonCustomerAPI;)V" line="155"><counter type="INSTRUCTION" missed="6" covered="0"/><counter type="LINE" missed="1" covered="0"/><counter type="COMPLEXITY" missed="1" covered="0"/><counter type="METHOD" missed="1" covered="0"/></method><counter type="INSTRUCTION" missed="6" covered="0"/><counter type="LINE" missed="1" covered="0"/><counter type="COMPLEXITY" missed="1" covered="0"/><counter type="METHOD" missed="1" covered="0"/><counter type="CLASS" missed="1" covered="0"/></class><class name="au/org/consumerdatastandards/client/api/CommonCustomerAPI$1" sourcefilename="CommonCustomerAPI.java"><method name="&lt;init&gt;" desc="(Lau/org/consumerdatastandards/client/api/CommonCustomerAPI;)V" line="124"><counter type="INSTRUCTION" missed="6" covered="0"/><counter type="LINE" missed="1" covered="0"/><counter type="COMPLEXITY" missed="1" covered="0"/><counter type="METHOD" missed="1" covered="0"/></method><counter type="INSTRUCTION" missed="6" covered="0"/><counter type="LINE" missed="1" covered="0"/><counter type="COMPLEXITY" missed="1" covered="0"/><counter type="METHOD" missed="1" covered="0"/><counter type="CLASS" missed="1" covered="0"/></class><class name="au/org/consumerdatastandards/client/api/ProtectedAPI" sourcefilename="ProtectedAPI.java"><method name="&lt;init&gt;" desc="()V" line="13"><counter type="INSTRUCTION" missed="3" covered="0"/><counter type="LINE" missed="1" covered="0"/><counter type="COMPLEXITY" missed="1" covered="0"/><counter type="METHOD" missed="1" covered="0"/></method><method name="addCdsProtectedApiHeaders" desc="(Ljava/util/Map;)V" line="18"><counter type="INSTRUCTION" missed="13" covered="0"/><counter type="LINE" missed="3" covered="0"/><counter type="COMPLEXITY" missed="1" covered="0"/><counter type="METHOD" missed="1" covered="0"/></method><method name="getIpAddress" desc="()Ljava/lang/String;" line="23"><counter type="INSTRUCTION" missed="21" covered="0"/><counter type="LINE" missed="8" covered="0"/><counter type="COMPLEXITY" missed="1" covered="0"/><counter type="METHOD" missed="1" covered="0"/></method><method name="getApiClient" desc="()Lau/org/consumerdatastandards/client/ApiClient;" line="36"><counter type="INSTRUCTION" missed="3" covered="0"/><counter type="LINE" missed="1" covered="0"/><counter type="COMPLEXITY" missed="1" covered="0"/><counter type="METHOD" missed="1" covered="0"/></method><method name="setApiClient" desc="(Lau/org/consumerdatastandards/client/ApiClient;)V" line="40"><counter type="INSTRUCTION" missed="4" covered="0"/><counter type="LINE" missed="2" covered="0"/><counter type="COMPLEXITY" missed="1" covered="0"/><counter type="METHOD" missed="1" covered="0"/></method><counter type="INSTRUCTION" missed="44" covered="0"/><counter type="LINE" missed="15" covered="0"/><counter type="COMPLEXITY" missed="5" covered="0"/><counter type="METHOD" missed="5" covered="0"/><counter type="CLASS" missed="1" covered="0"/></class><class name="au/org/consumerdatastandards/client/api/CommonDiscoveryAPI" sourcefilename="CommonDiscoveryAPI.java"><method name="&lt;init&gt;" desc="()V" line="27"><counter type="INSTRUCTION" missed="3" covered="0"/><counter type="LINE" missed="1" covered="0"/><counter type="COMPLEXITY" missed="1" covered="0"/><counter type="METHOD" missed="1" covered="0"/></method><method name="getApiClient" desc="()Lau/org/consumerdatastandards/client/ApiClient;" line="34"><counter type="INSTRUCTION" missed="3" covered="0"/><counter type="LINE" missed="1" covered="0"/><counter type="COMPLEXITY" missed="1" covered="0"/><counter type="METHOD" missed="1" covered="0"/></method><method name="setApiClient" desc="(Lau/org/consumerdatastandards/client/ApiClient;)V" line="38"><counter type="INSTRUCTION" missed="4" covered="0"/><counter type="LINE" missed="2" covered="0"/><counter type="COMPLEXITY" missed="1" covered="0"/><counter type="METHOD" missed="1" covered="0"/></method><method name="getOutagesCall" desc="(Lau/org/consumerdatastandards/client/ApiCallback;)Lokhttp3/Call;" line="63"><counter type="INSTRUCTION" missed="35" covered="0"/><counter type="LINE" missed="8" covered="0"/><counter type="COMPLEXITY" missed="1" covered="0"/><counter type="METHOD" missed="1" covered="0"/></method><method name="getOutagesValidateBeforeCall" desc="(Lau/org/consumerdatastandards/client/ApiCallback;)Lokhttp3/Call;" line="82"><counter type="INSTRUCTION" missed="4" covered="0"/><counter type="LINE" missed="1" covered="0"/><counter type="COMPLEXITY" missed="1" covered="0"/><counter type="METHOD" missed="1" covered="0"/></method><method name="getOutages" desc="()Lau/org/consumerdatastandards/client/model/ResponseDiscoveryOutagesList;" line="107"><counter type="INSTRUCTION" missed="10" covered="0"/><counter type="LINE" missed="3" covered="0"/><counter type="COMPLEXITY" missed="1" covered="0"/><counter type="METHOD" missed="1" covered="0"/></method><method name="getOutagesWithHttpInfo" desc="()Lau/org/consumerdatastandards/client/ApiResponse;" line="134"><counter type="INSTRUCTION" missed="16" covered="0"/><counter type="LINE" missed="3" covered="0"/><counter type="COMPLEXITY" missed="1" covered="0"/><counter type="METHOD" missed="1" covered="0"/></method><method name="getOutagesAsync" desc="(Lau/org/consumerdatastandards/client/ApiCallback;)Lokhttp3/Call;" line="163"><counter type="INSTRUCTION" missed="21" covered="0"/><counter type="LINE" missed="5" covered="0"/><counter type="COMPLEXITY" missed="1" covered="0"/><counter type="METHOD" missed="1" covered="0"/></method><method name="getStatusCall" desc="(Lau/org/consumerdatastandards/client/ApiCallback;)Lokhttp3/Call;" line="192"><counter type="INSTRUCTION" missed="35" covered="0"/><counter type="LINE" missed="8" covered="0"/><counter type="COMPLEXITY" missed="1" covered="0"/><counter type="METHOD" missed="1" covered="0"/></method><method name="getStatusValidateBeforeCall" desc="(Lau/org/consumerdatastandards/client/ApiCallback;)Lokhttp3/Call;" line="211"><counter type="INSTRUCTION" missed="4" covered="0"/><counter type="LINE" missed="1" covered="0"/><counter type="COMPLEXITY" missed="1" covered="0"/><counter type="METHOD" missed="1" covered="0"/></method><method name="getStatus" desc="()Lau/org/consumerdatastandards/client/model/ResponseCommonDiscoveryStatus;" line="236"><counter type="INSTRUCTION" missed="10" covered="0"/><counter type="LINE" missed="3" covered="0"/><counter type="COMPLEXITY" missed="1" covered="0"/><counter type="METHOD" missed="1" covered="0"/></method><method name="getStatusWithHttpInfo" desc="()Lau/org/consumerdatastandards/client/ApiResponse;" line="263"><counter type="INSTRUCTION" missed="16" covered="0"/><counter type="LINE" missed="3" covered="0"/><counter type="COMPLEXITY" missed="1" covered="0"/><counter type="METHOD" missed="1" covered="0"/></method><method name="getStatusAsync" desc="(Lau/org/consumerdatastandards/client/ApiCallback;)Lokhttp3/Call;" line="290"><counter type="INSTRUCTION" missed="21" covered="0"/><counter type="LINE" missed="5" covered="0"/><counter type="COMPLEXITY" missed="1" covered="0"/><counter type="METHOD" missed="1" covered="0"/></method><method name="addQueryParam" desc="(Ljava/util/List;Ljava/lang/String;Ljava/lang/Object;)V" line="299"><counter type="INSTRUCTION" missed="16" covered="0"/><counter type="BRANCH" missed="2" covered="0"/><counter type="LINE" missed="4" covered="0"/><counter type="COMPLEXITY" missed="2" covered="0"/><counter type="METHOD" missed="1" covered="0"/></method><method name="&lt;clinit&gt;" desc="()V" line="29"><counter type="INSTRUCTION" missed="4" covered="0"/><counter type="LINE" missed="1" covered="0"/><counter type="COMPLEXITY" missed="1" covered="0"/><counter type="METHOD" missed="1" covered="0"/></method><counter type="INSTRUCTION" missed="202" covered="0"/><counter type="BRANCH" missed="2" covered="0"/><counter type="LINE" missed="49" covered="0"/><counter type="COMPLEXITY" missed="16" covered="0"/><counter type="METHOD" missed="15" covered="0"/><counter type="CLASS" missed="1" covered="0"/></class><class name="au/org/consumerdatastandards/client/api/ReturnTypeResolver" sourcefilename="ReturnTypeResolver.java"/><class name="au/org/consumerdatastandards/client/api/CommonCustomerAPI" sourcefilename="CommonCustomerAPI.java"><method name="&lt;init&gt;" desc="()V" line="26"><counter type="INSTRUCTION" missed="3" covered="0"/><counter type="LINE" missed="1" covered="0"/><counter type="COMPLEXITY" missed="1" covered="0"/><counter type="METHOD" missed="1" covered="0"/></method><method name="getCustomerCall" desc="(Lau/org/consumerdatastandards/client/ApiCallback;)Lokhttp3/Call;" line="51"><counter type="INSTRUCTION" missed="38" covered="0"/><counter type="LINE" missed="9" covered="0"/><counter type="COMPLEXITY" missed="1" covered="0"/><counter type="METHOD" missed="1" covered="0"/></method><method name="getCustomerValidateBeforeCall" desc="(Lau/org/consumerdatastandards/client/ApiCallback;)Lokhttp3/Call;" line="71"><counter type="INSTRUCTION" missed="4" covered="0"/><counter type="LINE" missed="1" covered="0"/><counter type="COMPLEXITY" missed="1" covered="0"/><counter type="METHOD" missed="1" covered="0"/></method><method name="getCustomer" desc="()Lau/org/consumerdatastandards/client/model/ResponseCommonCustomer;" line="96"><counter type="INSTRUCTION" missed="10" covered="0"/><counter type="LINE" missed="3" covered="0"/><counter type="COMPLEXITY" missed="1" covered="0"/><counter type="METHOD" missed="1" covered="0"/></method><method name="getCustomerWithHttpInfo" desc="()Lau/org/consumerdatastandards/client/ApiResponse;" line="123"><counter type="INSTRUCTION" missed="16" covered="0"/><counter type="LINE" missed="3" covered="0"/><counter type="COMPLEXITY" missed="1" covered="0"/><counter type="METHOD" missed="1" covered="0"/></method><method name="getCustomerAsync" desc="(Lau/org/consumerdatastandards/client/ApiCallback;)Lokhttp3/Call;" line="152"><counter type="INSTRUCTION" missed="21" covered="0"/><counter type="LINE" missed="5" covered="0"/><counter type="COMPLEXITY" missed="1" covered="0"/><counter type="METHOD" missed="1" covered="0"/></method><method name="getCustomerDetailCall" desc="(Lau/org/consumerdatastandards/client/ApiCallback;)Lokhttp3/Call;" line="180"><counter type="INSTRUCTION" missed="38" covered="0"/><counter type="LINE" missed="9" covered="0"/><counter type="COMPLEXITY" missed="1" covered="0"/><counter type="METHOD" missed="1" covered="0"/></method><method name="getCustomerDetailValidateBeforeCall" desc="(Lau/org/consumerdatastandards/client/ApiCallback;)Lokhttp3/Call;" line="200"><counter type="INSTRUCTION" missed="4" covered="0"/><counter type="LINE" missed="1" covered="0"/><counter type="COMPLEXITY" missed="1" covered="0"/><counter type="METHOD" missed="1" covered="0"/></method><method name="getCustomerDetail" desc="()Lau/org/consumerdatastandards/client/model/ResponseCommonCustomerDetail;" line="224"><counter type="INSTRUCTION" missed="10" covered="0"/><counter type="LINE" missed="3" covered="0"/><counter type="COMPLEXITY" missed="1" covered="0"/><counter type="METHOD" missed="1" covered="0"/></method><method name="getCustomerDetailWithHttpInfo" desc="()Lau/org/consumerdatastandards/client/ApiResponse;" line="250"><counter type="INSTRUCTION" missed="16" covered="0"/><counter type="LINE" missed="3" covered="0"/><counter type="COMPLEXITY" missed="1" covered="0"/><counter type="METHOD" missed="1" covered="0"/></method><method name="getCustomerDetailAsync" desc="(Lau/org/consumerdatastandards/client/ApiCallback;)Lokhttp3/Call;" line="277"><counter type="INSTRUCTION" missed="21" covered="0"/><counter type="LINE" missed="5" covered="0"/><counter type="COMPLEXITY" missed="1" covered="0"/><counter type="METHOD" missed="1" covered="0"/></method><method name="addQueryParam" desc="(Ljava/util/List;Ljava/lang/String;Ljava/lang/Object;)V" line="286"><counter type="INSTRUCTION" missed="16" covered="0"/><counter type="BRANCH" missed="2" covered="0"/><counter type="LINE" missed="4" covered="0"/><counter type="COMPLEXITY" missed="2" covered="0"/><counter type="METHOD" missed="1" covered="0"/></method><method name="&lt;clinit&gt;" desc="()V" line="28"><counter type="INSTRUCTION" missed="4" covered="0"/><counter type="LINE" missed="1" covered="0"/><counter type="COMPLEXITY" missed="1" covered="0"/><counter type="METHOD" missed="1" covered="0"/></method><counter type="INSTRUCTION" missed="201" covered="0"/><counter type="BRANCH" missed="2" covered="0"/><counter type="LINE" missed="48" covered="0"/><counter type="COMPLEXITY" missed="14" covered="0"/><counter type="METHOD" missed="13" covered="0"/><counter type="CLASS" missed="1" covered="0"/></class><sourcefile name="ProtectedAPI.java"><line nr="13" mi="3" ci="0" mb="0" cb="0"/><line nr="18" mi="6" ci="0" mb="0" cb="0"/><line nr="19" mi="6" ci="0" mb="0" cb="0"/><line nr="20" mi="1" ci="0" mb="0" cb="0"/><line nr="23" mi="2" ci="0" mb="0" cb="0"/><line nr="25" mi="4" ci="0" mb="0" cb="0"/><line nr="26" mi="5" ci="0" mb="0" cb="0"/><line nr="27" mi="4" ci="0" mb="0" cb="0"/><line nr="28" mi="2" ci="0" mb="0" cb="0"/><line nr="29" mi="1" ci="0" mb="0" cb="0"/><line nr="31" mi="1" ci="0" mb="0" cb="0"/><line nr="32" mi="2" ci="0" mb="0" cb="0"/><line nr="36" mi="3" ci="0" mb="0" cb="0"/><line nr="40" mi="3" ci="0" mb="0" cb="0"/><line nr="41" mi="1" ci="0" mb="0" cb="0"/><counter type="INSTRUCTION" missed="44" covered="0"/><counter type="LINE" missed="15" covered="0"/><counter type="COMPLEXITY" missed="5" covered="0"/><counter type="METHOD" missed="5" covered="0"/><counter type="CLASS" missed="1" covered="0"/></sourcefile><sourcefile name="CommonCustomerAPI.java"><line nr="26" mi="3" ci="0" mb="0" cb="0"/><line nr="28" mi="4" ci="0" mb="0" cb="0"/><line nr="51" mi="2" ci="0" mb="0" cb="0"/><line nr="54" mi="2" ci="0" mb="0" cb="0"/><line nr="56" mi="4" ci="0" mb="0" cb="0"/><line nr="59" mi="4" ci="0" mb="0" cb="0"/><line nr="60" mi="4" ci="0" mb="0" cb="0"/><line nr="61" mi="4" ci="0" mb="0" cb="0"/><line nr="62" mi="3" ci="0" mb="0" cb="0"/><line nr="63" mi="3" ci="0" mb="0" cb="0"/><line nr="64" mi="12" ci="0" mb="0" cb="0"/><line nr="71" mi="4" ci="0" mb="0" cb="0"/><line nr="96" mi="3" ci="0" mb="0" cb="0"/><line nr="98" mi="3" ci="0" mb="0" cb="0"/><line nr="99" mi="4" ci="0" mb="0" cb="0"/><line nr="123" mi="4" ci="0" mb="0" cb="0"/><line nr="124" mi="12" ci="0" mb="0" cb="0"/><line nr="125" mi="6" ci="0" mb="0" cb="0"/><line nr="152" mi="3" ci="0" mb="0" cb="0"/><line nr="154" mi="4" ci="0" mb="0" cb="0"/><line nr="155" mi="12" ci="0" mb="0" cb="0"/><line nr="156" mi="6" ci="0" mb="0" cb="0"/><line nr="157" mi="2" ci="0" mb="0" cb="0"/><line nr="180" mi="2" ci="0" mb="0" cb="0"/><line nr="183" mi="2" ci="0" mb="0" cb="0"/><line nr="185" mi="4" ci="0" mb="0" cb="0"/><line nr="188" mi="4" ci="0" mb="0" cb="0"/><line nr="189" mi="4" ci="0" mb="0" cb="0"/><line nr="190" mi="4" ci="0" mb="0" cb="0"/><line nr="191" mi="3" ci="0" mb="0" cb="0"/><line nr="192" mi="3" ci="0" mb="0" cb="0"/><line nr="193" mi="12" ci="0" mb="0" cb="0"/><line nr="200" mi="4" ci="0" mb="0" cb="0"/><line nr="224" mi="3" ci="0" mb="0" cb="0"/><line nr="226" mi="3" ci="0" mb="0" cb="0"/><line nr="227" mi="4" ci="0" mb="0" cb="0"/><line nr="250" mi="4" ci="0" mb="0" cb="0"/><line nr="251" mi="12" ci="0" mb="0" cb="0"/><line nr="252" mi="6" ci="0" mb="0" cb="0"/><line nr="277" mi="3" ci="0" mb="0" cb="0"/><line nr="279" mi="4" ci="0" mb="0" cb="0"/><line nr="280" mi="12" ci="0" mb="0" cb="0"/><line nr="281" mi="6" ci="0" mb="0" cb="0"/><line nr="282" mi="2" ci="0" mb="0" cb="0"/><line nr="286" mi="2" ci="0" mb="2" cb="0"/><line nr="287" mi="5" ci="0" mb="0" cb="0"/><line nr="288" mi="8" ci="0" mb="0" cb="0"/><line nr="290" mi="1" ci="0" mb="0" cb="0"/><counter type="INSTRUCTION" missed="225" covered="0"/><counter type="BRANCH" missed="2" covered="0"/><counter type="LINE" missed="48" covered="0"/><counter type="COMPLEXITY" missed="18" covered="0"/><counter type="METHOD" missed="17" covered="0"/><counter type="CLASS" missed="5" covered="0"/></sourcefile><sourcefile name="ReturnTypeResolver.java"/><sourcefile name="CommonDiscoveryAPI.java"><line nr="27" mi="3" ci="0" mb="0" cb="0"/><line nr="29" mi="4" ci="0" mb="0" cb="0"/><line nr="34" mi="3" ci="0" mb="0" cb="0"/><line nr="38" mi="3" ci="0" mb="0" cb="0"/><line nr="39" mi="1" ci="0" mb="0" cb="0"/><line nr="63" mi="2" ci="0" mb="0" cb="0"/><line nr="66" mi="2" ci="0" mb="0" cb="0"/><line nr="68" mi="4" ci="0" mb="0" cb="0"/><line nr="71" mi="4" ci="0" mb="0" cb="0"/><line nr="72" mi="4" ci="0" mb="0" cb="0"/><line nr="73" mi="4" ci="0" mb="0" cb="0"/><line nr="74" mi="3" ci="0" mb="0" cb="0"/><line nr="75" mi="12" ci="0" mb="0" cb="0"/><line nr="82" mi="4" ci="0" mb="0" cb="0"/><line nr="107" mi="3" ci="0" mb="0" cb="0"/><line nr="109" mi="3" ci="0" mb="0" cb="0"/><line nr="110" mi="4" ci="0" mb="0" cb="0"/><line nr="134" mi="4" ci="0" mb="0" cb="0"/><line nr="135" mi="12" ci="0" mb="0" cb="0"/><line nr="136" mi="6" ci="0" mb="0" cb="0"/><line nr="163" mi="3" ci="0" mb="0" cb="0"/><line nr="165" mi="4" ci="0" mb="0" cb="0"/><line nr="166" mi="12" ci="0" mb="0" cb="0"/><line nr="167" mi="6" ci="0" mb="0" cb="0"/><line nr="168" mi="2" ci="0" mb="0" cb="0"/><line nr="192" mi="2" ci="0" mb="0" cb="0"/><line nr="195" mi="2" ci="0" mb="0" cb="0"/><line nr="197" mi="4" ci="0" mb="0" cb="0"/><line nr="200" mi="4" ci="0" mb="0" cb="0"/><line nr="201" mi="4" ci="0" mb="0" cb="0"/><line nr="202" mi="4" ci="0" mb="0" cb="0"/><line nr="203" mi="3" ci="0" mb="0" cb="0"/><line nr="204" mi="12" ci="0" mb="0" cb="0"/><line nr="211" mi="4" ci="0" mb="0" cb="0"/><line nr="236" mi="3" ci="0" mb="0" cb="0"/><line nr="238" mi="3" ci="0" mb="0" cb="0"/><line nr="239" mi="4" ci="0" mb="0" cb="0"/><line nr="263" mi="4" ci="0" mb="0" cb="0"/><line nr="264" mi="12" ci="0" mb="0" cb="0"/><line nr="265" mi="6" ci="0" mb="0" cb="0"/><line nr="290" mi="3" ci="0" mb="0" cb="0"/><line nr="292" mi="4" ci="0" mb="0" cb="0"/><line nr="293" mi="12" ci="0" mb="0" cb="0"/><line nr="294" mi="6" ci="0" mb="0" cb="0"/><line nr="295" mi="2" ci="0" mb="0" cb="0"/><line nr="299" mi="2" ci="0" mb="2" cb="0"/><line nr="300" mi="5" ci="0" mb="0" cb="0"/><line nr="301" mi="8" ci="0" mb="0" cb="0"/><line nr="303" mi="1" ci="0" mb="0" cb="0"/><counter type="INSTRUCTION" missed="226" covered="0"/><counter type="BRANCH" missed="2" covered="0"/><counter type="LINE" missed="49" covered="0"/><counter type="COMPLEXITY" missed="20" covered="0"/><counter type="METHOD" missed="19" covered="0"/><counter type="CLASS" missed="5" covered="0"/></sourcefile><counter type="INSTRUCTION" missed="495" covered="0"/><counter type="BRANCH" missed="4" covered="0"/><counter type="LINE" missed="112" covered="0"/><counter type="COMPLEXITY" missed="43" covered="0"/><counter type="METHOD" missed="41" covered="0"/><counter type="CLASS" missed="11" covered="0"/></package><counter type="INSTRUCTION" missed="27437" covered="348"/><counter type="BRANCH" missed="2115" covered="0"/><counter type="LINE" missed="5346" covered="49"/><counter type="COMPLEXITY" missed="2902" covered="11"/><counter type="METHOD" missed="1842" covered="11"/><counter type="CLASS" missed="236" covered="2"/></report>