<?xml version="1.0" encoding="UTF-8"?>
<testsuite xmlns:xsi="http://www.w3.org/2001/XMLSchema-instance" xsi:noNamespaceSchemaLocation="https://maven.apache.org/surefire/maven-surefire-plugin/xsd/surefire-test-report-3.0.xsd" version="3.0" name="au.org.consumerdatastandards.client.CustomDataTypeTests" time="0.347" tests="53" errors="0" skipped="0" failures="0">
  <properties>
[...]
</properties>
  <testcase name="invalidASCIIString{String}[1]" classname="au.org.consumerdatastandards.client.CustomDataTypeTests" time="0.09"/>
  <testcase name="invalidASCIIString{String}[2]" classname="au.org.consumerdatastandards.client.CustomDataTypeTests" time="0.002"/>
  <testcase name="invalidASCIIString{String}[3]" classname="au.org.consumerdatastandards.client.CustomDataTypeTests" time="0"/>
  <testcase name="invalidASCIIString{String}[4]" classname="au.org.consumerdatastandards.client.CustomDataTypeTests" time="0"/>
  <testcase name="validAmountString{String}[1]" classname="au.org.consumerdatastandards.client.CustomDataTypeTests" time="0.002"/>
  <testcase name="validAmountString{String}[2]" classname="au.org.consumerdatastandards.client.CustomDataTypeTests" time="0.001"/>
  <testcase name="validAmountString{String}[3]" classname="au.org.consumerdatastandards.client.CustomDataTypeTests" time="0.001"/>
  <testcase name="validAmountString{String}[4]" classname="au.org.consumerdatastandards.client.CustomDataTypeTests" time="0.001"/>
  <testcase name="validAmountString{String}[5]" classname="au.org.consumerdatastandards.client.CustomDataTypeTests" time="0"/>
  <testcase name="validUnicodeString{String}[1]" classname="au.org.consumerdatastandards.client.CustomDataTypeTests" time="0.001"/>
  <testcase name="validUnicodeString{String}[2]" classname="au.org.consumerdatastandards.client.CustomDataTypeTests" time="0.001"/>
  <testcase name="validUnicodeString{String}[3]" classname="au.org.consumerdatastandards.client.CustomDataTypeTests" time="0.001"/>
  <testcase name="validUnicodeString{String}[4]" classname="au.org.consumerdatastandards.client.CustomDataTypeTests" time="0"/>
  <testcase name="validUnicodeString{String}[5]" classname="au.org.consumerdatastandards.client.CustomDataTypeTests" time="0.002"/>
  <testcase name="validRates{String}[1]" classname="au.org.consumerdatastandards.client.CustomDataTypeTests" time="0.002"/>
  <testcase name="validRates{String}[2]" classname="au.org.consumerdatastandards.client.CustomDataTypeTests" time="0.001"/>
  <testcase name="validRates{String}[3]" classname="au.org.consumerdatastandards.client.CustomDataTypeTests" time="0.002"/>
  <testcase name="validRates{String}[4]" classname="au.org.consumerdatastandards.client.CustomDataTypeTests" time="0.002"/>
  <testcase name="validRates{String}[5]" classname="au.org.consumerdatastandards.client.CustomDataTypeTests" time="0.001"/>
  <testcase name="validRates{String}[6]" classname="au.org.consumerdatastandards.client.CustomDataTypeTests" time="0.003"/>
  <testcase name="invalidRates{String}[1]" classname="au.org.consumerdatastandards.client.CustomDataTypeTests" time="0.001"/>
  <testcase name="invalidRates{String}[2]" classname="au.org.consumerdatastandards.client.CustomDataTypeTests" time="0.001"/>
  <testcase name="invalidRates{String}[3]" classname="au.org.consumerdatastandards.client.CustomDataTypeTests" time="0.001"/>
  <testcase name="invalidRates{String}[4]" classname="au.org.consumerdatastandards.client.CustomDataTypeTests" time="0.001"/>
  <testcase name="invalidRates{String}[5]" classname="au.org.consumerdatastandards.client.CustomDataTypeTests" time="0.001"/>
  <testcase name="invalidRates{String}[6]" classname="au.org.consumerdatastandards.client.CustomDataTypeTests" time="0.001"/>
  <testcase name="invalidRates{String}[7]" classname="au.org.consumerdatastandards.client.CustomDataTypeTests" time="0.002"/>
  <testcase name="invalidRates{String}[8]" classname="au.org.consumerdatastandards.client.CustomDataTypeTests" time="0.001"/>
  <testcase name="invalidRates{String}[9]" classname="au.org.consumerdatastandards.client.CustomDataTypeTests" time="0.002"/>
  <testcase name="invalidUnicodeString{String}[1]" classname="au.org.consumerdatastandards.client.CustomDataTypeTests" time="0.002"/>
  <testcase name="validASCIIString{String}[1]" classname="au.org.consumerdatastandards.client.CustomDataTypeTests" time="0.001"/>
  <testcase name="validASCIIString{String}[2]" classname="au.org.consumerdatastandards.client.CustomDataTypeTests" time="0.001"/>
  <testcase name="validASCIIString{String}[3]" classname="au.org.consumerdatastandards.client.CustomDataTypeTests" time="0.001"/>
  <testcase name="validASCIIString{String}[4]" classname="au.org.consumerdatastandards.client.CustomDataTypeTests" time="0.001"/>
  <testcase name="validASCIIString{String}[5]" classname="au.org.consumerdatastandards.client.CustomDataTypeTests" time="0.001"/>
  <testcase name="validDurations{String}[1]" classname="au.org.consumerdatastandards.client.CustomDataTypeTests" time="0.003"/>
  <testcase name="validDurations{String}[2]" classname="au.org.consumerdatastandards.client.CustomDataTypeTests" time="0.002"/>
  <testcase name="validDurations{String}[3]" classname="au.org.consumerdatastandards.client.CustomDataTypeTests" time="0.001"/>
  <testcase name="validDurations{String}[4]" classname="au.org.consumerdatastandards.client.CustomDataTypeTests" time="0.001"/>
  <testcase name="validDurations{String}[5]" classname="au.org.consumerdatastandards.client.CustomDataTypeTests" time="0.001"/>
  <testcase name="validDurations{String}[6]" classname="au.org.consumerdatastandards.client.CustomDataTypeTests" time="0.001"/>
  <testcase name="validDurations{String}[7]" classname="au.org.consumerdatastandards.client.CustomDataTypeTests" time="0"/>
  <testcase name="validDurations{String}[8]" classname="au.org.consumerdatastandards.client.CustomDataTypeTests" time="0.001"/>
  <testcase name="invalidAmountString{String}[1]" classname="au.org.consumerdatastandards.client.CustomDataTypeTests" time="0.001"/>
  <testcase name="invalidAmountString{String}[2]" classname="au.org.consumerdatastandards.client.CustomDataTypeTests" time="0.001"/>
  <testcase name="invalidAmountString{String}[3]" classname="au.org.consumerdatastandards.client.CustomDataTypeTests" time="0.001"/>
  <testcase name="invalidAmountString{String}[4]" classname="au.org.consumerdatastandards.client.CustomDataTypeTests" time="0"/>
  <testcase name="invalidAmountString{String}[5]" classname="au.org.consumerdatastandards.client.CustomDataTypeTests" time="0.001"/>
  <testcase name="invalidAmountString{String}[6]" classname="au.org.consumerdatastandards.client.CustomDataTypeTests" time="0"/>
  <testcase name="invalidDurations{String}[1]" classname="au.org.consumerdatastandards.client.CustomDataTypeTests" time="0"/>
  <testcase name="invalidDurations{String}[2]" classname="au.org.consumerdatastandards.client.CustomDataTypeTests" time="0"/>
  <testcase name="invalidDurations{String}[3]" classname="au.org.consumerdatastandards.client.CustomDataTypeTests" time="0.002"/>
  <testcase name="invalidDurations{String}[4]" classname="au.org.consumerdatastandards.client.CustomDataTypeTests" time="0"/>
</testsuite>